{"D:\\meena collage1st\\New-Project\\my-project\\src\\App.tsx": {"path":"D:\\meena collage1st\\New-Project\\my-project\\src\\App.tsx","statementMap":{"0":{"start":{"line":5,"column":2},"end":{"line":26,"column":null}}},"fnMap":{"0":{"name":"App","decl":{"start":{"line":4,"column":24},"end":{"line":4,"column":30}},"loc":{"start":{"line":4,"column":30},"end":{"line":28,"column":null}},"line":4}},"branchMap":{},"s":{"0":1},"f":{"0":1},"b":{},"meta":{"lastBranch":0,"lastFunction":1,"lastStatement":1,"seen":{"f:4:24:4:30":0,"s:5:2:26:Infinity":0},"fnNames":{}}}
,"D:\\meena collage1st\\New-Project\\my-project\\src\\features\\tasks\\index.ts": {"path":"D:\\meena collage1st\\New-Project\\my-project\\src\\features\\tasks\\index.ts","statementMap":{},"fnMap":{},"branchMap":{},"s":{},"f":{},"b":{},"meta":{"lastBranch":0,"lastFunction":0,"lastStatement":0,"seen":{},"fnNames":{}}}
,"D:\\meena collage1st\\New-Project\\my-project\\src\\features\\tasks\\components\\ActiveFilters\\ActiveFilters.tsx": {"path":"D:\\meena collage1st\\New-Project\\my-project\\src\\features\\tasks\\components\\ActiveFilters\\ActiveFilters.tsx","statementMap":{"0":{"start":{"line":9,"column":8},"end":{"line":9,"column":null}},"1":{"start":{"line":9,"column":44},"end":{"line":9,"column":57}},"2":{"start":{"line":10,"column":8},"end":{"line":10,"column":null}},"3":{"start":{"line":10,"column":40},"end":{"line":10,"column":49}},"4":{"start":{"line":11,"column":8},"end":{"line":11,"column":null}},"5":{"start":{"line":11,"column":45},"end":{"line":11,"column":59}},"6":{"start":{"line":12,"column":8},"end":{"line":12,"column":null}},"7":{"start":{"line":12,"column":47},"end":{"line":12,"column":63}},"8":{"start":{"line":13,"column":8},"end":{"line":13,"column":null}},"9":{"start":{"line":13,"column":47},"end":{"line":13,"column":63}},"10":{"start":{"line":14,"column":8},"end":{"line":14,"column":null}},"11":{"start":{"line":14,"column":45},"end":{"line":14,"column":59}},"12":{"start":{"line":17,"column":4},"end":{"line":20,"column":null}},"13":{"start":{"line":22,"column":2},"end":{"line":22,"column":null}},"14":{"start":{"line":22,"column":19},"end":{"line":22,"column":null}},"15":{"start":{"line":24,"column":2},"end":{"line":92,"column":null}},"16":{"start":{"line":47,"column":10},"end":{"line":58,"column":null}},"17":{"start":{"line":55,"column":49},"end":{"line":55,"column":null}},"18":{"start":{"line":61,"column":10},"end":{"line":72,"column":null}},"19":{"start":{"line":69,"column":49},"end":{"line":69,"column":null}},"20":{"start":{"line":75,"column":10},"end":{"line":86,"column":null}},"21":{"start":{"line":83,"column":49},"end":{"line":83,"column":null}}},"fnMap":{"0":{"name":"ActiveFilters","decl":{"start":{"line":8,"column":16},"end":{"line":8,"column":32}},"loc":{"start":{"line":8,"column":32},"end":{"line":94,"column":null}},"line":8},"1":{"name":"(anonymous_1)","decl":{"start":{"line":9,"column":22},"end":{"line":9,"column":38}},"loc":{"start":{"line":9,"column":44},"end":{"line":9,"column":57}},"line":9},"2":{"name":"(anonymous_2)","decl":{"start":{"line":10,"column":18},"end":{"line":10,"column":34}},"loc":{"start":{"line":10,"column":40},"end":{"line":10,"column":49}},"line":10},"3":{"name":"(anonymous_3)","decl":{"start":{"line":11,"column":23},"end":{"line":11,"column":39}},"loc":{"start":{"line":11,"column":45},"end":{"line":11,"column":59}},"line":11},"4":{"name":"(anonymous_4)","decl":{"start":{"line":12,"column":25},"end":{"line":12,"column":41}},"loc":{"start":{"line":12,"column":47},"end":{"line":12,"column":63}},"line":12},"5":{"name":"(anonymous_5)","decl":{"start":{"line":13,"column":25},"end":{"line":13,"column":41}},"loc":{"start":{"line":13,"column":47},"end":{"line":13,"column":63}},"line":13},"6":{"name":"(anonymous_6)","decl":{"start":{"line":14,"column":23},"end":{"line":14,"column":39}},"loc":{"start":{"line":14,"column":45},"end":{"line":14,"column":59}},"line":14},"7":{"name":"(anonymous_7)","decl":{"start":{"line":46,"column":26},"end":{"line":46,"column":31}},"loc":{"start":{"line":47,"column":10},"end":{"line":58,"column":null}},"line":47},"8":{"name":"(anonymous_8)","decl":{"start":{"line":55,"column":34},"end":{"line":55,"column":49}},"loc":{"start":{"line":55,"column":49},"end":{"line":55,"column":null}},"line":55},"9":{"name":"(anonymous_9)","decl":{"start":{"line":60,"column":28},"end":{"line":60,"column":33}},"loc":{"start":{"line":61,"column":10},"end":{"line":72,"column":null}},"line":61},"10":{"name":"(anonymous_10)","decl":{"start":{"line":69,"column":34},"end":{"line":69,"column":49}},"loc":{"start":{"line":69,"column":49},"end":{"line":69,"column":null}},"line":69},"11":{"name":"(anonymous_11)","decl":{"start":{"line":74,"column":27},"end":{"line":74,"column":32}},"loc":{"start":{"line":75,"column":10},"end":{"line":86,"column":null}},"line":75},"12":{"name":"(anonymous_12)","decl":{"start":{"line":83,"column":34},"end":{"line":83,"column":49}},"loc":{"start":{"line":83,"column":49},"end":{"line":83,"column":null}},"line":83}},"branchMap":{"0":{"loc":{"start":{"line":17,"column":4},"end":{"line":20,"column":null}},"type":"binary-expr","locations":[{"start":{"line":17,"column":4},"end":{"line":17,"column":null}},{"start":{"line":18,"column":4},"end":{"line":18,"column":null}},{"start":{"line":19,"column":4},"end":{"line":19,"column":null}},{"start":{"line":20,"column":4},"end":{"line":20,"column":null}}],"line":17},"1":{"loc":{"start":{"line":22,"column":2},"end":{"line":22,"column":null}},"type":"if","locations":[{"start":{"line":22,"column":2},"end":{"line":22,"column":null}},{"start":{},"end":{}}],"line":22},"2":{"loc":{"start":{"line":34,"column":9},"end":{"line":45,"column":null}},"type":"cond-expr","locations":[{"start":{"line":35,"column":10},"end":{"line":44,"column":null}},{"start":{"line":45,"column":12},"end":{"line":45,"column":null}}],"line":34}},"s":{"0":2,"1":6,"2":2,"3":6,"4":2,"5":6,"6":2,"7":6,"8":2,"9":6,"10":2,"11":6,"12":2,"13":2,"14":2,"15":0,"16":0,"17":0,"18":0,"19":0,"20":0,"21":0},"f":{"0":2,"1":6,"2":6,"3":6,"4":6,"5":6,"6":6,"7":0,"8":0,"9":0,"10":0,"11":0,"12":0},"b":{"0":[2,2,2,2],"1":[2,0],"2":[0,0]},"meta":{"lastBranch":3,"lastFunction":13,"lastStatement":22,"seen":{"f:8:16:8:32":0,"s:9:8:9:Infinity":0,"f:9:22:9:38":1,"s:9:44:9:57":1,"s:10:8:10:Infinity":2,"f:10:18:10:34":2,"s:10:40:10:49":3,"s:11:8:11:Infinity":4,"f:11:23:11:39":3,"s:11:45:11:59":5,"s:12:8:12:Infinity":6,"f:12:25:12:41":4,"s:12:47:12:63":7,"s:13:8:13:Infinity":8,"f:13:25:13:41":5,"s:13:47:13:63":9,"s:14:8:14:Infinity":10,"f:14:23:14:39":6,"s:14:45:14:59":11,"s:17:4:20:Infinity":12,"b:17:4:17:Infinity:18:4:18:Infinity:19:4:19:Infinity:20:4:20:Infinity":0,"b:22:2:22:Infinity:undefined:undefined:undefined:undefined":1,"s:22:2:22:Infinity":13,"s:22:19:22:Infinity":14,"s:24:2:92:Infinity":15,"b:35:10:44:Infinity:45:12:45:Infinity":2,"f:46:26:46:31":7,"s:47:10:58:Infinity":16,"f:55:34:55:49":8,"s:55:49:55:Infinity":17,"f:60:28:60:33":9,"s:61:10:72:Infinity":18,"f:69:34:69:49":10,"s:69:49:69:Infinity":19,"f:74:27:74:32":11,"s:75:10:86:Infinity":20,"f:83:34:83:49":12,"s:83:49:83:Infinity":21},"fnNames":{}}}
,"D:\\meena collage1st\\New-Project\\my-project\\src\\features\\tasks\\components\\ActiveFilters\\index.ts": {"path":"D:\\meena collage1st\\New-Project\\my-project\\src\\features\\tasks\\components\\ActiveFilters\\index.ts","statementMap":{},"fnMap":{},"branchMap":{},"s":{},"f":{},"b":{},"meta":{"lastBranch":0,"lastFunction":0,"lastStatement":0,"seen":{},"fnNames":{}}}
,"D:\\meena collage1st\\New-Project\\my-project\\src\\features\\tasks\\components\\DatePicker\\DatePicker.tsx": {"path":"D:\\meena collage1st\\New-Project\\my-project\\src\\features\\tasks\\components\\DatePicker\\DatePicker.tsx","statementMap":{"0":{"start":{"line":7,"column":17},"end":{"line":7,"column":null}},"1":{"start":{"line":18,"column":18},"end":{"line":18,"column":null}},"2":{"start":{"line":19,"column":15},"end":{"line":19,"column":null}},"3":{"start":{"line":20,"column":19},"end":{"line":20,"column":null}},"4":{"start":{"line":21,"column":20},"end":{"line":21,"column":null}},"5":{"start":{"line":23,"column":8},"end":{"line":23,"column":null}},"6":{"start":{"line":25,"column":8},"end":{"line":32,"column":null}},"7":{"start":{"line":26,"column":4},"end":{"line":31,"column":null}},"8":{"start":{"line":27,"column":6},"end":{"line":27,"column":null}},"9":{"start":{"line":28,"column":6},"end":{"line":28,"column":null}},"10":{"start":{"line":28,"column":25},"end":{"line":28,"column":30}},"11":{"start":{"line":30,"column":6},"end":{"line":30,"column":null}},"12":{"start":{"line":30,"column":26},"end":{"line":30,"column":31}},"13":{"start":{"line":34,"column":8},"end":{"line":41,"column":null}},"14":{"start":{"line":35,"column":4},"end":{"line":40,"column":null}},"15":{"start":{"line":36,"column":6},"end":{"line":36,"column":null}},"16":{"start":{"line":37,"column":6},"end":{"line":37,"column":null}},"17":{"start":{"line":37,"column":25},"end":{"line":37,"column":30}},"18":{"start":{"line":39,"column":6},"end":{"line":39,"column":null}},"19":{"start":{"line":39,"column":26},"end":{"line":39,"column":31}},"20":{"start":{"line":43,"column":8},"end":{"line":46,"column":null}},"21":{"start":{"line":44,"column":4},"end":{"line":44,"column":null}},"22":{"start":{"line":45,"column":4},"end":{"line":45,"column":null}},"23":{"start":{"line":48,"column":23},"end":{"line":54,"column":null}},"24":{"start":{"line":56,"column":2},"end":{"line":159,"column":null}},"25":{"start":{"line":63,"column":23},"end":{"line":63,"column":null}},"26":{"start":{"line":63,"column":38},"end":{"line":63,"column":40}},"27":{"start":{"line":113,"column":16},"end":{"line":115,"column":null}},"28":{"start":{"line":120,"column":16},"end":{"line":137,"column":null}},"29":{"start":{"line":124,"column":35},"end":{"line":124,"column":null}},"30":{"start":{"line":148,"column":18},"end":{"line":148,"column":null}},"31":{"start":{"line":149,"column":18},"end":{"line":149,"column":null}}},"fnMap":{"0":{"name":"DatePicker","decl":{"start":{"line":17,"column":16},"end":{"line":17,"column":27}},"loc":{"start":{"line":17,"column":90},"end":{"line":161,"column":null}},"line":17},"1":{"name":"(anonymous_1)","decl":{"start":{"line":25,"column":8},"end":{"line":25,"column":26}},"loc":{"start":{"line":25,"column":26},"end":{"line":32,"column":null}},"line":25},"2":{"name":"(anonymous_2)","decl":{"start":{"line":28,"column":6},"end":{"line":28,"column":19}},"loc":{"start":{"line":28,"column":25},"end":{"line":28,"column":30}},"line":28},"3":{"name":"(anonymous_3)","decl":{"start":{"line":30,"column":6},"end":{"line":30,"column":20}},"loc":{"start":{"line":30,"column":26},"end":{"line":30,"column":31}},"line":30},"4":{"name":"(anonymous_4)","decl":{"start":{"line":34,"column":8},"end":{"line":34,"column":26}},"loc":{"start":{"line":34,"column":26},"end":{"line":41,"column":null}},"line":34},"5":{"name":"(anonymous_5)","decl":{"start":{"line":37,"column":6},"end":{"line":37,"column":19}},"loc":{"start":{"line":37,"column":25},"end":{"line":37,"column":30}},"line":37},"6":{"name":"(anonymous_6)","decl":{"start":{"line":39,"column":6},"end":{"line":39,"column":20}},"loc":{"start":{"line":39,"column":26},"end":{"line":39,"column":31}},"line":39},"7":{"name":"(anonymous_7)","decl":{"start":{"line":43,"column":8},"end":{"line":43,"column":22}},"loc":{"start":{"line":43,"column":37},"end":{"line":46,"column":null}},"line":43},"8":{"name":"(anonymous_8)","decl":{"start":{"line":63,"column":8},"end":{"line":63,"column":23}},"loc":{"start":{"line":63,"column":23},"end":{"line":63,"column":null}},"line":63},"9":{"name":"(anonymous_9)","decl":{"start":{"line":63,"column":23},"end":{"line":63,"column":32}},"loc":{"start":{"line":63,"column":38},"end":{"line":63,"column":40}},"line":63},"10":{"name":"(anonymous_10)","decl":{"start":{"line":112,"column":24},"end":{"line":112,"column":29}},"loc":{"start":{"line":113,"column":16},"end":{"line":115,"column":null}},"line":113},"11":{"name":"(anonymous_11)","decl":{"start":{"line":119,"column":20},"end":{"line":119,"column":25}},"loc":{"start":{"line":120,"column":16},"end":{"line":137,"column":null}},"line":120},"12":{"name":"(anonymous_12)","decl":{"start":{"line":124,"column":20},"end":{"line":124,"column":35}},"loc":{"start":{"line":124,"column":35},"end":{"line":124,"column":null}},"line":124},"13":{"name":"(anonymous_13)","decl":{"start":{"line":147,"column":16},"end":{"line":147,"column":31}},"loc":{"start":{"line":147,"column":31},"end":{"line":150,"column":null}},"line":147}},"branchMap":{"0":{"loc":{"start":{"line":18,"column":18},"end":{"line":18,"column":null}},"type":"cond-expr","locations":[{"start":{"line":18,"column":26},"end":{"line":18,"column":44}},{"start":{"line":18,"column":44},"end":{"line":18,"column":null}}],"line":18},"1":{"loc":{"start":{"line":26,"column":4},"end":{"line":31,"column":null}},"type":"if","locations":[{"start":{"line":26,"column":4},"end":{"line":31,"column":null}},{"start":{"line":29,"column":11},"end":{"line":31,"column":null}}],"line":26},"2":{"loc":{"start":{"line":35,"column":4},"end":{"line":40,"column":null}},"type":"if","locations":[{"start":{"line":35,"column":4},"end":{"line":40,"column":null}},{"start":{"line":38,"column":11},"end":{"line":40,"column":null}}],"line":35},"3":{"loc":{"start":{"line":48,"column":23},"end":{"line":54,"column":null}},"type":"cond-expr","locations":[{"start":{"line":49,"column":6},"end":{"line":53,"column":null}},{"start":{"line":54,"column":6},"end":{"line":54,"column":null}}],"line":48},"4":{"loc":{"start":{"line":58,"column":7},"end":{"line":60,"column":null}},"type":"cond-expr","locations":[{"start":{"line":59,"column":8},"end":{"line":60,"column":null}},{"start":{"line":60,"column":10},"end":{"line":60,"column":null}}],"line":58},"5":{"loc":{"start":{"line":68,"column":10},"end":{"line":68,"column":null}},"type":"binary-expr","locations":[{"start":{"line":68,"column":10},"end":{"line":68,"column":23}},{"start":{"line":68,"column":23},"end":{"line":68,"column":null}}],"line":68},"6":{"loc":{"start":{"line":69,"column":10},"end":{"line":69,"column":null}},"type":"binary-expr","locations":[{"start":{"line":69,"column":10},"end":{"line":69,"column":19}},{"start":{"line":69,"column":19},"end":{"line":69,"column":null}}],"line":69},"7":{"loc":{"start":{"line":75,"column":7},"end":{"line":75,"column":null}},"type":"cond-expr","locations":[{"start":{"line":75,"column":19},"end":{"line":75,"column":null}},{"start":{"line":75,"column":87},"end":{"line":75,"column":null}}],"line":75},"8":{"loc":{"start":{"line":76,"column":7},"end":{"line":76,"column":null}},"type":"cond-expr","locations":[{"start":{"line":76,"column":15},"end":{"line":76,"column":null}},{"start":{"line":76,"column":83},"end":{"line":76,"column":null}}],"line":76},"9":{"loc":{"start":{"line":79,"column":9},"end":{"line":157,"column":null}},"type":"cond-expr","locations":[{"start":{"line":80,"column":10},"end":{"line":157,"column":null}},{"start":{"line":157,"column":12},"end":{"line":157,"column":null}}],"line":79},"10":{"loc":{"start":{"line":120,"column":16},"end":{"line":137,"column":null}},"type":"cond-expr","locations":[{"start":{"line":121,"column":18},"end":{"line":135,"column":null}},{"start":{"line":137,"column":18},"end":{"line":137,"column":null}}],"line":120},"11":{"loc":{"start":{"line":127,"column":22},"end":{"line":128,"column":null}},"type":"binary-expr","locations":[{"start":{"line":127,"column":22},"end":{"line":127,"column":null}},{"start":{"line":128,"column":24},"end":{"line":128,"column":null}}],"line":127},"12":{"loc":{"start":{"line":129,"column":22},"end":{"line":131,"column":null}},"type":"binary-expr","locations":[{"start":{"line":129,"column":22},"end":{"line":129,"column":null}},{"start":{"line":130,"column":24},"end":{"line":130,"column":null}},{"start":{"line":131,"column":24},"end":{"line":131,"column":null}}],"line":129},"13":{"loc":{"start":{"line":141,"column":13},"end":{"line":155,"column":null}},"type":"cond-expr","locations":[{"start":{"line":142,"column":14},"end":{"line":155,"column":null}},{"start":{"line":155,"column":16},"end":{"line":155,"column":null}}],"line":141}},"s":{"0":2,"1":12,"2":12,"3":12,"4":12,"5":12,"6":12,"7":0,"8":0,"9":0,"10":0,"11":0,"12":0,"13":12,"14":0,"15":0,"16":0,"17":0,"18":0,"19":0,"20":12,"21":0,"22":0,"23":12,"24":12,"25":0,"26":0,"27":0,"28":0,"29":0,"30":0,"31":0},"f":{"0":12,"1":0,"2":0,"3":0,"4":0,"5":0,"6":0,"7":0,"8":0,"9":0,"10":0,"11":0,"12":0,"13":0},"b":{"0":[0,12],"1":[0,0],"2":[0,0],"3":[0,12],"4":[12,0],"5":[12,0],"6":[12,0],"7":[0,12],"8":[0,12],"9":[0,12],"10":[0,0],"11":[0,0],"12":[0,0,0],"13":[0,0]},"meta":{"lastBranch":14,"lastFunction":14,"lastStatement":32,"seen":{"s:7:17:7:Infinity":0,"f:17:16:17:27":0,"s:18:18:18:Infinity":1,"b:18:26:18:44:18:44:18:Infinity":0,"s:19:15:19:Infinity":2,"s:20:19:20:Infinity":3,"s:21:20:21:Infinity":4,"s:23:8:23:Infinity":5,"s:25:8:32:Infinity":6,"f:25:8:25:26":1,"b:26:4:31:Infinity:29:11:31:Infinity":1,"s:26:4:31:Infinity":7,"s:27:6:27:Infinity":8,"s:28:6:28:Infinity":9,"f:28:6:28:19":2,"s:28:25:28:30":10,"s:30:6:30:Infinity":11,"f:30:6:30:20":3,"s:30:26:30:31":12,"s:34:8:41:Infinity":13,"f:34:8:34:26":4,"b:35:4:40:Infinity:38:11:40:Infinity":2,"s:35:4:40:Infinity":14,"s:36:6:36:Infinity":15,"s:37:6:37:Infinity":16,"f:37:6:37:19":5,"s:37:25:37:30":17,"s:39:6:39:Infinity":18,"f:39:6:39:20":6,"s:39:26:39:31":19,"s:43:8:46:Infinity":20,"f:43:8:43:22":7,"s:44:4:44:Infinity":21,"s:45:4:45:Infinity":22,"s:48:23:54:Infinity":23,"b:49:6:53:Infinity:54:6:54:Infinity":3,"s:56:2:159:Infinity":24,"b:59:8:60:Infinity:60:10:60:Infinity":4,"f:63:8:63:23":8,"s:63:23:63:Infinity":25,"f:63:23:63:32":9,"s:63:38:63:40":26,"b:68:10:68:23:68:23:68:Infinity":5,"b:69:10:69:19:69:19:69:Infinity":6,"b:75:19:75:Infinity:75:87:75:Infinity":7,"b:76:15:76:Infinity:76:83:76:Infinity":8,"b:80:10:157:Infinity:157:12:157:Infinity":9,"f:112:24:112:29":10,"s:113:16:115:Infinity":27,"f:119:20:119:25":11,"s:120:16:137:Infinity":28,"b:121:18:135:Infinity:137:18:137:Infinity":10,"f:124:20:124:35":12,"s:124:35:124:Infinity":29,"b:127:22:127:Infinity:128:24:128:Infinity":11,"b:129:22:129:Infinity:130:24:130:Infinity:131:24:131:Infinity":12,"b:142:14:155:Infinity:155:16:155:Infinity":13,"f:147:16:147:31":13,"s:148:18:148:Infinity":30,"s:149:18:149:Infinity":31},"fnNames":{}}}
,"D:\\meena collage1st\\New-Project\\my-project\\src\\features\\tasks\\components\\DatePicker\\index.ts": {"path":"D:\\meena collage1st\\New-Project\\my-project\\src\\features\\tasks\\components\\DatePicker\\index.ts","statementMap":{},"fnMap":{},"branchMap":{},"s":{},"f":{},"b":{},"meta":{"lastBranch":0,"lastFunction":0,"lastStatement":0,"seen":{},"fnNames":{}}}
,"D:\\meena collage1st\\New-Project\\my-project\\src\\features\\tasks\\components\\DeleteConfirmDialog\\DeleteConfirmDialog.tsx": {"path":"D:\\meena collage1st\\New-Project\\my-project\\src\\features\\tasks\\components\\DeleteConfirmDialog\\DeleteConfirmDialog.tsx","statementMap":{"0":{"start":{"line":20,"column":21},"end":{"line":20,"column":null}},"1":{"start":{"line":22,"column":24},"end":{"line":27,"column":null}},"2":{"start":{"line":23,"column":4},"end":{"line":23,"column":null}},"3":{"start":{"line":24,"column":4},"end":{"line":24,"column":null}},"4":{"start":{"line":24,"column":29},"end":{"line":24,"column":47}},"5":{"start":{"line":25,"column":4},"end":{"line":25,"column":null}},"6":{"start":{"line":26,"column":4},"end":{"line":26,"column":null}},"7":{"start":{"line":29,"column":2},"end":{"line":50,"column":null}}},"fnMap":{"0":{"name":"DeleteConfirmDialog","decl":{"start":{"line":14,"column":16},"end":{"line":14,"column":36}},"loc":{"start":{"line":19,"column":29},"end":{"line":52,"column":null}},"line":19},"1":{"name":"(anonymous_1)","decl":{"start":{"line":22,"column":24},"end":{"line":22,"column":36}},"loc":{"start":{"line":22,"column":36},"end":{"line":27,"column":null}},"line":22},"2":{"name":"(anonymous_2)","decl":{"start":{"line":24,"column":14},"end":{"line":24,"column":23}},"loc":{"start":{"line":24,"column":29},"end":{"line":24,"column":47}},"line":24}},"branchMap":{},"s":{"0":2,"1":2,"2":0,"3":0,"4":0,"5":0,"6":0,"7":2},"f":{"0":2,"1":0,"2":0},"b":{},"meta":{"lastBranch":0,"lastFunction":3,"lastStatement":8,"seen":{"f:14:16:14:36":0,"s:20:21:20:Infinity":0,"s:22:24:27:Infinity":1,"f:22:24:22:36":1,"s:23:4:23:Infinity":2,"s:24:4:24:Infinity":3,"f:24:14:24:23":2,"s:24:29:24:47":4,"s:25:4:25:Infinity":5,"s:26:4:26:Infinity":6,"s:29:2:50:Infinity":7},"fnNames":{}}}
,"D:\\meena collage1st\\New-Project\\my-project\\src\\features\\tasks\\components\\DeleteConfirmDialog\\index.ts": {"path":"D:\\meena collage1st\\New-Project\\my-project\\src\\features\\tasks\\components\\DeleteConfirmDialog\\index.ts","statementMap":{},"fnMap":{},"branchMap":{},"s":{},"f":{},"b":{},"meta":{"lastBranch":0,"lastFunction":0,"lastStatement":0,"seen":{},"fnNames":{}}}
,"D:\\meena collage1st\\New-Project\\my-project\\src\\features\\tasks\\components\\DraggableTaskCard\\DraggableTaskCard.tsx": {"path":"D:\\meena collage1st\\New-Project\\my-project\\src\\features\\tasks\\components\\DraggableTaskCard\\DraggableTaskCard.tsx","statementMap":{"0":{"start":{"line":15,"column":13},"end":{"line":58,"column":null}},"1":{"start":{"line":21,"column":56},"end":{"line":25,"column":null}},"2":{"start":{"line":27,"column":16},"end":{"line":29,"column":null}},"3":{"start":{"line":31,"column":2},"end":{"line":39,"column":null}},"4":{"start":{"line":32,"column":4},"end":{"line":37,"column":null}},"5":{"start":{"line":41,"column":2},"end":{"line":56,"column":null}}},"fnMap":{"0":{"name":"DraggableTaskCard","decl":{"start":{"line":15,"column":47},"end":{"line":15,"column":65}},"loc":{"start":{"line":20,"column":27},"end":{"line":58,"column":1}},"line":20}},"branchMap":{"0":{"loc":{"start":{"line":19,"column":2},"end":{"line":19,"column":null}},"type":"default-arg","locations":[{"start":{"line":19,"column":18},"end":{"line":19,"column":null}}],"line":19},"1":{"loc":{"start":{"line":27,"column":16},"end":{"line":29,"column":null}},"type":"cond-expr","locations":[{"start":{"line":28,"column":6},"end":{"line":28,"column":null}},{"start":{"line":29,"column":6},"end":{"line":29,"column":null}}],"line":27},"2":{"loc":{"start":{"line":28,"column":62},"end":{"line":28,"column":90}},"type":"cond-expr","locations":[{"start":{"line":28,"column":75},"end":{"line":28,"column":80}},{"start":{"line":28,"column":80},"end":{"line":28,"column":90}}],"line":28},"3":{"loc":{"start":{"line":31,"column":2},"end":{"line":39,"column":null}},"type":"if","locations":[{"start":{"line":31,"column":2},"end":{"line":39,"column":null}},{"start":{},"end":{}}],"line":31},"4":{"loc":{"start":{"line":45,"column":34},"end":{"line":45,"column":60}},"type":"binary-expr","locations":[{"start":{"line":45,"column":34},"end":{"line":45,"column":48}},{"start":{"line":45,"column":48},"end":{"line":45,"column":60}}],"line":45}},"s":{"0":1,"1":0,"2":0,"3":0,"4":0,"5":0},"f":{"0":0},"b":{"0":[0],"1":[0,0],"2":[0,0],"3":[0,0],"4":[0,0]},"meta":{"lastBranch":5,"lastFunction":1,"lastStatement":6,"seen":{"s:15:13:58:Infinity":0,"f:15:47:15:65":0,"b:19:18:19:Infinity":0,"s:21:56:25:Infinity":1,"s:27:16:29:Infinity":2,"b:28:6:28:Infinity:29:6:29:Infinity":1,"b:28:75:28:80:28:80:28:90":2,"b:31:2:39:Infinity:undefined:undefined:undefined:undefined":3,"s:31:2:39:Infinity":3,"s:32:4:37:Infinity":4,"s:41:2:56:Infinity":5,"b:45:34:45:48:45:48:45:60":4},"fnNames":{}}}
,"D:\\meena collage1st\\New-Project\\my-project\\src\\features\\tasks\\components\\DraggableTaskCard\\index.ts": {"path":"D:\\meena collage1st\\New-Project\\my-project\\src\\features\\tasks\\components\\DraggableTaskCard\\index.ts","statementMap":{},"fnMap":{},"branchMap":{},"s":{},"f":{},"b":{},"meta":{"lastBranch":0,"lastFunction":0,"lastStatement":0,"seen":{},"fnNames":{}}}
,"D:\\meena collage1st\\New-Project\\my-project\\src\\features\\tasks\\components\\EmptyState\\EmptyState.tsx": {"path":"D:\\meena collage1st\\New-Project\\my-project\\src\\features\\tasks\\components\\EmptyState\\EmptyState.tsx","statementMap":{"0":{"start":{"line":20,"column":2},"end":{"line":39,"column":null}}},"fnMap":{"0":{"name":"EmptyState","decl":{"start":{"line":13,"column":16},"end":{"line":13,"column":27}},"loc":{"start":{"line":19,"column":20},"end":{"line":41,"column":null}},"line":19}},"branchMap":{"0":{"loc":{"start":{"line":16,"column":2},"end":{"line":16,"column":null}},"type":"default-arg","locations":[{"start":{"line":16,"column":9},"end":{"line":16,"column":null}}],"line":16},"1":{"loc":{"start":{"line":31,"column":7},"end":{"line":33,"column":null}},"type":"cond-expr","locations":[{"start":{"line":32,"column":8},"end":{"line":33,"column":null}},{"start":{"line":33,"column":10},"end":{"line":33,"column":null}}],"line":31},"2":{"loc":{"start":{"line":34,"column":7},"end":{"line":38,"column":null}},"type":"cond-expr","locations":[{"start":{"line":35,"column":8},"end":{"line":38,"column":null}},{"start":{"line":38,"column":10},"end":{"line":38,"column":null}}],"line":34},"3":{"loc":{"start":{"line":34,"column":7},"end":{"line":34,"column":null}},"type":"binary-expr","locations":[{"start":{"line":34,"column":7},"end":{"line":34,"column":22}},{"start":{"line":34,"column":22},"end":{"line":34,"column":null}}],"line":34}},"s":{"0":6},"f":{"0":6},"b":{"0":[6],"1":[6,0],"2":[2,4],"3":[6,2]},"meta":{"lastBranch":4,"lastFunction":1,"lastStatement":1,"seen":{"f:13:16:13:27":0,"b:16:9:16:Infinity":0,"s:20:2:39:Infinity":0,"b:32:8:33:Infinity:33:10:33:Infinity":1,"b:35:8:38:Infinity:38:10:38:Infinity":2,"b:34:7:34:22:34:22:34:Infinity":3},"fnNames":{}}}
,"D:\\meena collage1st\\New-Project\\my-project\\src\\features\\tasks\\components\\EmptyState\\index.ts": {"path":"D:\\meena collage1st\\New-Project\\my-project\\src\\features\\tasks\\components\\EmptyState\\index.ts","statementMap":{},"fnMap":{},"branchMap":{},"s":{},"f":{},"b":{},"meta":{"lastBranch":0,"lastFunction":0,"lastStatement":0,"seen":{},"fnNames":{}}}
,"D:\\meena collage1st\\New-Project\\my-project\\src\\features\\tasks\\components\\FilterPanel\\FilterPanel.tsx": {"path":"D:\\meena collage1st\\New-Project\\my-project\\src\\features\\tasks\\components\\FilterPanel\\FilterPanel.tsx","statementMap":{"0":{"start":{"line":15,"column":37},"end":{"line":15,"column":null}},"1":{"start":{"line":16,"column":41},"end":{"line":16,"column":null}},"2":{"start":{"line":19,"column":8},"end":{"line":19,"column":null}},"3":{"start":{"line":19,"column":40},"end":{"line":19,"column":49}},"4":{"start":{"line":20,"column":8},"end":{"line":20,"column":null}},"5":{"start":{"line":20,"column":45},"end":{"line":20,"column":59}},"6":{"start":{"line":21,"column":8},"end":{"line":21,"column":null}},"7":{"start":{"line":21,"column":47},"end":{"line":21,"column":63}},"8":{"start":{"line":22,"column":8},"end":{"line":22,"column":null}},"9":{"start":{"line":22,"column":47},"end":{"line":22,"column":63}},"10":{"start":{"line":23,"column":8},"end":{"line":23,"column":null}},"11":{"start":{"line":23,"column":45},"end":{"line":23,"column":59}},"12":{"start":{"line":25,"column":2},"end":{"line":76,"column":null}},"13":{"start":{"line":43,"column":12},"end":{"line":48,"column":null}},"14":{"start":{"line":47,"column":29},"end":{"line":47,"column":null}},"15":{"start":{"line":54,"column":12},"end":{"line":59,"column":null}},"16":{"start":{"line":58,"column":29},"end":{"line":58,"column":null}},"17":{"start":{"line":66,"column":14},"end":{"line":71,"column":null}},"18":{"start":{"line":70,"column":31},"end":{"line":70,"column":null}},"19":{"start":{"line":81,"column":2},"end":{"line":85,"column":null}},"20":{"start":{"line":98,"column":2},"end":{"line":106,"column":null}}},"fnMap":{"0":{"name":"FilterPanel","decl":{"start":{"line":18,"column":16},"end":{"line":18,"column":28}},"loc":{"start":{"line":18,"column":61},"end":{"line":78,"column":null}},"line":18},"1":{"name":"(anonymous_1)","decl":{"start":{"line":19,"column":18},"end":{"line":19,"column":34}},"loc":{"start":{"line":19,"column":40},"end":{"line":19,"column":49}},"line":19},"2":{"name":"(anonymous_2)","decl":{"start":{"line":20,"column":23},"end":{"line":20,"column":39}},"loc":{"start":{"line":20,"column":45},"end":{"line":20,"column":59}},"line":20},"3":{"name":"(anonymous_3)","decl":{"start":{"line":21,"column":25},"end":{"line":21,"column":41}},"loc":{"start":{"line":21,"column":47},"end":{"line":21,"column":63}},"line":21},"4":{"name":"(anonymous_4)","decl":{"start":{"line":22,"column":25},"end":{"line":22,"column":41}},"loc":{"start":{"line":22,"column":47},"end":{"line":22,"column":63}},"line":22},"5":{"name":"(anonymous_5)","decl":{"start":{"line":23,"column":23},"end":{"line":23,"column":39}},"loc":{"start":{"line":23,"column":45},"end":{"line":23,"column":59}},"line":23},"6":{"name":"(anonymous_6)","decl":{"start":{"line":42,"column":26},"end":{"line":42,"column":31}},"loc":{"start":{"line":43,"column":12},"end":{"line":48,"column":null}},"line":43},"7":{"name":"(anonymous_7)","decl":{"start":{"line":47,"column":14},"end":{"line":47,"column":29}},"loc":{"start":{"line":47,"column":29},"end":{"line":47,"column":null}},"line":47},"8":{"name":"(anonymous_8)","decl":{"start":{"line":53,"column":28},"end":{"line":53,"column":33}},"loc":{"start":{"line":54,"column":12},"end":{"line":59,"column":null}},"line":54},"9":{"name":"(anonymous_9)","decl":{"start":{"line":58,"column":14},"end":{"line":58,"column":29}},"loc":{"start":{"line":58,"column":29},"end":{"line":58,"column":null}},"line":58},"10":{"name":"(anonymous_10)","decl":{"start":{"line":65,"column":23},"end":{"line":65,"column":28}},"loc":{"start":{"line":66,"column":14},"end":{"line":71,"column":null}},"line":66},"11":{"name":"(anonymous_11)","decl":{"start":{"line":70,"column":16},"end":{"line":70,"column":31}},"loc":{"start":{"line":70,"column":31},"end":{"line":70,"column":null}},"line":70},"12":{"name":"FilterGroup","decl":{"start":{"line":80,"column":9},"end":{"line":80,"column":21}},"loc":{"start":{"line":80,"column":82},"end":{"line":87,"column":null}},"line":80},"13":{"name":"FilterChip","decl":{"start":{"line":89,"column":9},"end":{"line":89,"column":20}},"loc":{"start":{"line":97,"column":3},"end":{"line":108,"column":null}},"line":97}},"branchMap":{"0":{"loc":{"start":{"line":63,"column":9},"end":{"line":74,"column":null}},"type":"cond-expr","locations":[{"start":{"line":64,"column":10},"end":{"line":74,"column":null}},{"start":{"line":74,"column":12},"end":{"line":74,"column":null}}],"line":63},"1":{"loc":{"start":{"line":101,"column":17},"end":{"line":101,"column":null}},"type":"cond-expr","locations":[{"start":{"line":101,"column":26},"end":{"line":101,"column":38}},{"start":{"line":101,"column":38},"end":{"line":101,"column":null}}],"line":101}},"s":{"0":1,"1":1,"2":2,"3":6,"4":2,"5":6,"6":2,"7":6,"8":2,"9":6,"10":2,"11":6,"12":2,"13":6,"14":0,"15":6,"16":0,"17":0,"18":0,"19":4,"20":12},"f":{"0":2,"1":6,"2":6,"3":6,"4":6,"5":6,"6":6,"7":0,"8":6,"9":0,"10":0,"11":0,"12":4,"13":12},"b":{"0":[0,2],"1":[0,12]},"meta":{"lastBranch":2,"lastFunction":14,"lastStatement":21,"seen":{"s:15:37:15:Infinity":0,"s:16:41:16:Infinity":1,"f:18:16:18:28":0,"s:19:8:19:Infinity":2,"f:19:18:19:34":1,"s:19:40:19:49":3,"s:20:8:20:Infinity":4,"f:20:23:20:39":2,"s:20:45:20:59":5,"s:21:8:21:Infinity":6,"f:21:25:21:41":3,"s:21:47:21:63":7,"s:22:8:22:Infinity":8,"f:22:25:22:41":4,"s:22:47:22:63":9,"s:23:8:23:Infinity":10,"f:23:23:23:39":5,"s:23:45:23:59":11,"s:25:2:76:Infinity":12,"f:42:26:42:31":6,"s:43:12:48:Infinity":13,"f:47:14:47:29":7,"s:47:29:47:Infinity":14,"f:53:28:53:33":8,"s:54:12:59:Infinity":15,"f:58:14:58:29":9,"s:58:29:58:Infinity":16,"b:64:10:74:Infinity:74:12:74:Infinity":0,"f:65:23:65:28":10,"s:66:14:71:Infinity":17,"f:70:16:70:31":11,"s:70:31:70:Infinity":18,"f:80:9:80:21":12,"s:81:2:85:Infinity":19,"f:89:9:89:20":13,"s:98:2:106:Infinity":20,"b:101:26:101:38:101:38:101:Infinity":1},"fnNames":{}}}
,"D:\\meena collage1st\\New-Project\\my-project\\src\\features\\tasks\\components\\FilterPanel\\index.ts": {"path":"D:\\meena collage1st\\New-Project\\my-project\\src\\features\\tasks\\components\\FilterPanel\\index.ts","statementMap":{},"fnMap":{},"branchMap":{},"s":{},"f":{},"b":{},"meta":{"lastBranch":0,"lastFunction":0,"lastStatement":0,"seen":{},"fnNames":{}}}
,"D:\\meena collage1st\\New-Project\\my-project\\src\\features\\tasks\\components\\KanbanBoard\\KanbanBoard.tsx": {"path":"D:\\meena collage1st\\New-Project\\my-project\\src\\features\\tasks\\components\\KanbanBoard\\KanbanBoard.tsx","statementMap":{"0":{"start":{"line":40,"column":76},"end":{"line":41,"column":null}},"1":{"start":{"line":43,"column":8},"end":{"line":43,"column":null}},"2":{"start":{"line":43,"column":44},"end":{"line":43,"column":57}},"3":{"start":{"line":44,"column":8},"end":{"line":44,"column":null}},"4":{"start":{"line":44,"column":40},"end":{"line":44,"column":49}},"5":{"start":{"line":45,"column":8},"end":{"line":45,"column":null}},"6":{"start":{"line":47,"column":8},"end":{"line":50,"column":null}},"7":{"start":{"line":48,"column":11},"end":{"line":48,"column":null}},"8":{"start":{"line":52,"column":8},"end":{"line":52,"column":null}},"9":{"start":{"line":52,"column":24},"end":{"line":52,"column":74}},"10":{"start":{"line":54,"column":8},"end":{"line":54,"column":null}},"11":{"start":{"line":54,"column":20},"end":{"line":54,"column":61}},"12":{"start":{"line":55,"column":8},"end":{"line":55,"column":null}},"13":{"start":{"line":57,"column":21},"end":{"line":57,"column":null}},"14":{"start":{"line":58,"column":19},"end":{"line":58,"column":null}},"15":{"start":{"line":59,"column":21},"end":{"line":59,"column":null}},"16":{"start":{"line":60,"column":23},"end":{"line":60,"column":null}},"17":{"start":{"line":61,"column":21},"end":{"line":61,"column":null}},"18":{"start":{"line":62,"column":21},"end":{"line":62,"column":null}},"19":{"start":{"line":63,"column":21},"end":{"line":63,"column":null}},"20":{"start":{"line":65,"column":8},"end":{"line":68,"column":null}},"21":{"start":{"line":70,"column":2},"end":{"line":72,"column":null}},"22":{"start":{"line":71,"column":4},"end":{"line":71,"column":null}},"23":{"start":{"line":74,"column":23},"end":{"line":74,"column":null}},"24":{"start":{"line":74,"column":51},"end":{"line":74,"column":72}},"25":{"start":{"line":76,"column":8},"end":{"line":79,"column":null}},"26":{"start":{"line":77,"column":4},"end":{"line":77,"column":null}},"27":{"start":{"line":78,"column":4},"end":{"line":78,"column":null}},"28":{"start":{"line":81,"column":8},"end":{"line":88,"column":null}},"29":{"start":{"line":82,"column":4},"end":{"line":82,"column":null}},"30":{"start":{"line":82,"column":19},"end":{"line":82,"column":null}},"31":{"start":{"line":83,"column":4},"end":{"line":83,"column":null}},"32":{"start":{"line":84,"column":4},"end":{"line":84,"column":null}},"33":{"start":{"line":85,"column":4},"end":{"line":87,"column":null}},"34":{"start":{"line":86,"column":6},"end":{"line":86,"column":null}},"35":{"start":{"line":90,"column":8},"end":{"line":93,"column":null}},"36":{"start":{"line":91,"column":4},"end":{"line":91,"column":null}},"37":{"start":{"line":92,"column":4},"end":{"line":92,"column":null}},"38":{"start":{"line":95,"column":30},"end":{"line":107,"column":null}},"39":{"start":{"line":96,"column":4},"end":{"line":96,"column":null}},"40":{"start":{"line":96,"column":23},"end":{"line":96,"column":null}},"41":{"start":{"line":97,"column":15},"end":{"line":97,"column":null}},"42":{"start":{"line":98,"column":4},"end":{"line":98,"column":null}},"43":{"start":{"line":98,"column":28},"end":{"line":98,"column":49}},"44":{"start":{"line":99,"column":4},"end":{"line":99,"column":null}},"45":{"start":{"line":100,"column":4},"end":{"line":100,"column":null}},"46":{"start":{"line":100,"column":29},"end":{"line":100,"column":47}},"47":{"start":{"line":101,"column":4},"end":{"line":101,"column":null}},"48":{"start":{"line":102,"column":4},"end":{"line":106,"column":null}},"49":{"start":{"line":103,"column":19},"end":{"line":103,"column":null}},"50":{"start":{"line":104,"column":6},"end":{"line":104,"column":null}},"51":{"start":{"line":105,"column":6},"end":{"line":105,"column":null}},"52":{"start":{"line":109,"column":8},"end":{"line":117,"column":null}},"53":{"start":{"line":110,"column":16},"end":{"line":110,"column":null}},"54":{"start":{"line":111,"column":19},"end":{"line":111,"column":null}},"55":{"start":{"line":112,"column":4},"end":{"line":112,"column":null}},"56":{"start":{"line":112,"column":58},"end":{"line":112,"column":null}},"57":{"start":{"line":113,"column":22},"end":{"line":113,"column":null}},"58":{"start":{"line":114,"column":4},"end":{"line":114,"column":null}},"59":{"start":{"line":115,"column":20},"end":{"line":115,"column":null}},"60":{"start":{"line":116,"column":4},"end":{"line":116,"column":null}},"61":{"start":{"line":116,"column":47},"end":{"line":116,"column":null}},"62":{"start":{"line":119,"column":8},"end":{"line":122,"column":null}},"63":{"start":{"line":120,"column":17},"end":{"line":120,"column":null}},"64":{"start":{"line":120,"column":35},"end":{"line":120,"column":59}},"65":{"start":{"line":121,"column":4},"end":{"line":121,"column":null}},"66":{"start":{"line":124,"column":8},"end":{"line":126,"column":null}},"67":{"start":{"line":125,"column":4},"end":{"line":125,"column":null}},"68":{"start":{"line":128,"column":8},"end":{"line":142,"column":null}},"69":{"start":{"line":129,"column":10},"end":{"line":129,"column":null}},"70":{"start":{"line":130,"column":10},"end":{"line":130,"column":null}},"71":{"start":{"line":131,"column":17},"end":{"line":131,"column":null}},"72":{"start":{"line":131,"column":35},"end":{"line":131,"column":50}},"73":{"start":{"line":133,"column":4},"end":{"line":133,"column":null}},"74":{"start":{"line":134,"column":4},"end":{"line":134,"column":null}},"75":{"start":{"line":136,"column":4},"end":{"line":136,"column":null}},"76":{"start":{"line":136,"column":89},"end":{"line":136,"column":null}},"77":{"start":{"line":138,"column":4},"end":{"line":138,"column":null}},"78":{"start":{"line":139,"column":4},"end":{"line":141,"column":null}},"79":{"start":{"line":140,"column":6},"end":{"line":140,"column":null}},"80":{"start":{"line":144,"column":8},"end":{"line":147,"column":null}},"81":{"start":{"line":145,"column":4},"end":{"line":145,"column":null}},"82":{"start":{"line":146,"column":4},"end":{"line":146,"column":null}},"83":{"start":{"line":149,"column":2},"end":{"line":157,"column":null}},"84":{"start":{"line":150,"column":4},"end":{"line":155,"column":null}},"85":{"start":{"line":159,"column":20},"end":{"line":159,"column":null}},"86":{"start":{"line":161,"column":2},"end":{"line":254,"column":null}},"87":{"start":{"line":170,"column":31},"end":{"line":170,"column":52}},"88":{"start":{"line":197,"column":14},"end":{"line":207,"column":null}},"89":{"start":{"line":200,"column":52},"end":{"line":200,"column":71}},"90":{"start":{"line":204,"column":38},"end":{"line":204,"column":null}},"91":{"start":{"line":217,"column":48},"end":{"line":217,"column":70}},"92":{"start":{"line":219,"column":60},"end":{"line":219,"column":83}},"93":{"start":{"line":223,"column":48},"end":{"line":223,"column":67}},"94":{"start":{"line":225,"column":76},"end":{"line":225,"column":96}},"95":{"start":{"line":232,"column":23},"end":{"line":232,"column":null}},"96":{"start":{"line":234,"column":10},"end":{"line":234,"column":null}},"97":{"start":{"line":235,"column":10},"end":{"line":235,"column":null}},"98":{"start":{"line":238,"column":30},"end":{"line":238,"column":null}},"99":{"start":{"line":239,"column":30},"end":{"line":239,"column":null}},"100":{"start":{"line":252,"column":24},"end":{"line":252,"column":null}}},"fnMap":{"0":{"name":"KanbanBoard","decl":{"start":{"line":39,"column":16},"end":{"line":39,"column":30}},"loc":{"start":{"line":39,"column":30},"end":{"line":256,"column":null}},"line":39},"1":{"name":"(anonymous_1)","decl":{"start":{"line":43,"column":22},"end":{"line":43,"column":38}},"loc":{"start":{"line":43,"column":44},"end":{"line":43,"column":57}},"line":43},"2":{"name":"(anonymous_2)","decl":{"start":{"line":44,"column":18},"end":{"line":44,"column":34}},"loc":{"start":{"line":44,"column":40},"end":{"line":44,"column":49}},"line":44},"3":{"name":"(anonymous_3)","decl":{"start":{"line":47,"column":25},"end":{"line":47,"column":null}},"loc":{"start":{"line":48,"column":11},"end":{"line":48,"column":null}},"line":48},"4":{"name":"(anonymous_4)","decl":{"start":{"line":52,"column":24},"end":{"line":52,"column":38}},"loc":{"start":{"line":52,"column":24},"end":{"line":52,"column":74}},"line":52},"5":{"name":"(anonymous_5)","decl":{"start":{"line":54,"column":20},"end":{"line":54,"column":34}},"loc":{"start":{"line":54,"column":20},"end":{"line":54,"column":61}},"line":54},"6":{"name":"(anonymous_6)","decl":{"start":{"line":70,"column":2},"end":{"line":70,"column":18}},"loc":{"start":{"line":70,"column":18},"end":{"line":72,"column":5}},"line":70},"7":{"name":"(anonymous_7)","decl":{"start":{"line":74,"column":37},"end":{"line":74,"column":45}},"loc":{"start":{"line":74,"column":51},"end":{"line":74,"column":72}},"line":74},"8":{"name":"(anonymous_8)","decl":{"start":{"line":76,"column":8},"end":{"line":76,"column":24}},"loc":{"start":{"line":76,"column":50},"end":{"line":79,"column":null}},"line":76},"9":{"name":"(anonymous_9)","decl":{"start":{"line":81,"column":8},"end":{"line":81,"column":24}},"loc":{"start":{"line":81,"column":50},"end":{"line":88,"column":null}},"line":81},"10":{"name":"(anonymous_10)","decl":{"start":{"line":90,"column":8},"end":{"line":90,"column":31}},"loc":{"start":{"line":90,"column":46},"end":{"line":93,"column":null}},"line":90},"11":{"name":"(anonymous_11)","decl":{"start":{"line":95,"column":30},"end":{"line":95,"column":42}},"loc":{"start":{"line":95,"column":42},"end":{"line":107,"column":null}},"line":95},"12":{"name":"(anonymous_12)","decl":{"start":{"line":98,"column":4},"end":{"line":98,"column":19}},"loc":{"start":{"line":98,"column":28},"end":{"line":98,"column":49}},"line":98},"13":{"name":"(anonymous_13)","decl":{"start":{"line":100,"column":14},"end":{"line":100,"column":23}},"loc":{"start":{"line":100,"column":29},"end":{"line":100,"column":47}},"line":100},"14":{"name":"(anonymous_14)","decl":{"start":{"line":102,"column":4},"end":{"line":102,"column":19}},"loc":{"start":{"line":102,"column":28},"end":{"line":106,"column":5}},"line":102},"15":{"name":"(anonymous_15)","decl":{"start":{"line":109,"column":8},"end":{"line":109,"column":22}},"loc":{"start":{"line":109,"column":65},"end":{"line":117,"column":null}},"line":109},"16":{"name":"(anonymous_16)","decl":{"start":{"line":119,"column":8},"end":{"line":119,"column":27}},"loc":{"start":{"line":119,"column":53},"end":{"line":122,"column":null}},"line":119},"17":{"name":"(anonymous_17)","decl":{"start":{"line":120,"column":23},"end":{"line":120,"column":29}},"loc":{"start":{"line":120,"column":35},"end":{"line":120,"column":59}},"line":120},"18":{"name":"(anonymous_18)","decl":{"start":{"line":124,"column":8},"end":{"line":124,"column":26}},"loc":{"start":{"line":124,"column":51},"end":{"line":126,"column":null}},"line":124},"19":{"name":"(anonymous_19)","decl":{"start":{"line":128,"column":8},"end":{"line":128,"column":25}},"loc":{"start":{"line":128,"column":49},"end":{"line":142,"column":null}},"line":128},"20":{"name":"(anonymous_20)","decl":{"start":{"line":131,"column":23},"end":{"line":131,"column":29}},"loc":{"start":{"line":131,"column":35},"end":{"line":131,"column":50}},"line":131},"21":{"name":"(anonymous_21)","decl":{"start":{"line":144,"column":8},"end":{"line":144,"column":33}},"loc":{"start":{"line":144,"column":33},"end":{"line":147,"column":null}},"line":144},"22":{"name":"(anonymous_22)","decl":{"start":{"line":170,"column":16},"end":{"line":170,"column":31}},"loc":{"start":{"line":170,"column":31},"end":{"line":170,"column":52}},"line":170},"23":{"name":"(anonymous_23)","decl":{"start":{"line":196,"column":31},"end":{"line":196,"column":36}},"loc":{"start":{"line":197,"column":14},"end":{"line":207,"column":null}},"line":197},"24":{"name":"(anonymous_24)","decl":{"start":{"line":200,"column":38},"end":{"line":200,"column":46}},"loc":{"start":{"line":200,"column":52},"end":{"line":200,"column":71}},"line":200},"25":{"name":"(anonymous_25)","decl":{"start":{"line":204,"column":18},"end":{"line":204,"column":38}},"loc":{"start":{"line":204,"column":38},"end":{"line":204,"column":null}},"line":204},"26":{"name":"(anonymous_26)","decl":{"start":{"line":217,"column":33},"end":{"line":217,"column":48}},"loc":{"start":{"line":217,"column":48},"end":{"line":217,"column":70}},"line":217},"27":{"name":"(anonymous_27)","decl":{"start":{"line":219,"column":44},"end":{"line":219,"column":60}},"loc":{"start":{"line":219,"column":60},"end":{"line":219,"column":83}},"line":219},"28":{"name":"(anonymous_28)","decl":{"start":{"line":223,"column":33},"end":{"line":223,"column":48}},"loc":{"start":{"line":223,"column":48},"end":{"line":223,"column":67}},"line":223},"29":{"name":"(anonymous_29)","decl":{"start":{"line":225,"column":60},"end":{"line":225,"column":76}},"loc":{"start":{"line":225,"column":76},"end":{"line":225,"column":96}},"line":225},"30":{"name":"(anonymous_30)","decl":{"start":{"line":232,"column":8},"end":{"line":232,"column":23}},"loc":{"start":{"line":232,"column":23},"end":{"line":232,"column":null}},"line":232},"31":{"name":"(anonymous_31)","decl":{"start":{"line":233,"column":8},"end":{"line":233,"column":17}},"loc":{"start":{"line":233,"column":26},"end":{"line":236,"column":null}},"line":233},"32":{"name":"(anonymous_32)","decl":{"start":{"line":238,"column":8},"end":{"line":238,"column":21}},"loc":{"start":{"line":238,"column":30},"end":{"line":238,"column":null}},"line":238},"33":{"name":"(anonymous_33)","decl":{"start":{"line":239,"column":8},"end":{"line":239,"column":21}},"loc":{"start":{"line":239,"column":30},"end":{"line":239,"column":null}},"line":239},"34":{"name":"(anonymous_34)","decl":{"start":{"line":252,"column":8},"end":{"line":252,"column":24}},"loc":{"start":{"line":252,"column":24},"end":{"line":252,"column":null}},"line":252}},"branchMap":{"0":{"loc":{"start":{"line":82,"column":4},"end":{"line":82,"column":null}},"type":"if","locations":[{"start":{"line":82,"column":4},"end":{"line":82,"column":null}},{"start":{},"end":{}}],"line":82},"1":{"loc":{"start":{"line":85,"column":4},"end":{"line":87,"column":null}},"type":"if","locations":[{"start":{"line":85,"column":4},"end":{"line":87,"column":null}},{"start":{},"end":{}}],"line":85},"2":{"loc":{"start":{"line":86,"column":20},"end":{"line":86,"column":76}},"type":"binary-expr","locations":[{"start":{"line":86,"column":20},"end":{"line":86,"column":72}},{"start":{"line":86,"column":72},"end":{"line":86,"column":76}}],"line":86},"3":{"loc":{"start":{"line":96,"column":4},"end":{"line":96,"column":null}},"type":"if","locations":[{"start":{"line":96,"column":4},"end":{"line":96,"column":null}},{"start":{},"end":{}}],"line":96},"4":{"loc":{"start":{"line":111,"column":19},"end":{"line":111,"column":null}},"type":"cond-expr","locations":[{"start":{"line":111,"column":42},"end":{"line":111,"column":52}},{"start":{"line":111,"column":52},"end":{"line":111,"column":null}}],"line":111},"5":{"loc":{"start":{"line":112,"column":4},"end":{"line":112,"column":null}},"type":"if","locations":[{"start":{"line":112,"column":4},"end":{"line":112,"column":null}},{"start":{},"end":{}}],"line":112},"6":{"loc":{"start":{"line":112,"column":8},"end":{"line":112,"column":58}},"type":"binary-expr","locations":[{"start":{"line":112,"column":8},"end":{"line":112,"column":22}},{"start":{"line":112,"column":22},"end":{"line":112,"column":58}}],"line":112},"7":{"loc":{"start":{"line":116,"column":4},"end":{"line":116,"column":null}},"type":"if","locations":[{"start":{"line":116,"column":4},"end":{"line":116,"column":null}},{"start":{},"end":{}}],"line":116},"8":{"loc":{"start":{"line":116,"column":8},"end":{"line":116,"column":47}},"type":"binary-expr","locations":[{"start":{"line":116,"column":8},"end":{"line":116,"column":19}},{"start":{"line":116,"column":19},"end":{"line":116,"column":47}}],"line":116},"9":{"loc":{"start":{"line":121,"column":18},"end":{"line":121,"column":30}},"type":"binary-expr","locations":[{"start":{"line":121,"column":18},"end":{"line":121,"column":26}},{"start":{"line":121,"column":26},"end":{"line":121,"column":30}}],"line":121},"10":{"loc":{"start":{"line":136,"column":4},"end":{"line":136,"column":null}},"type":"if","locations":[{"start":{"line":136,"column":4},"end":{"line":136,"column":null}},{"start":{},"end":{}}],"line":136},"11":{"loc":{"start":{"line":136,"column":8},"end":{"line":136,"column":89}},"type":"binary-expr","locations":[{"start":{"line":136,"column":8},"end":{"line":136,"column":19}},{"start":{"line":136,"column":19},"end":{"line":136,"column":28}},{"start":{"line":136,"column":28},"end":{"line":136,"column":74}},{"start":{"line":136,"column":74},"end":{"line":136,"column":89}}],"line":136},"12":{"loc":{"start":{"line":139,"column":4},"end":{"line":141,"column":null}},"type":"if","locations":[{"start":{"line":139,"column":4},"end":{"line":141,"column":null}},{"start":{},"end":{}}],"line":139},"13":{"loc":{"start":{"line":140,"column":20},"end":{"line":140,"column":71}},"type":"binary-expr","locations":[{"start":{"line":140,"column":20},"end":{"line":140,"column":67}},{"start":{"line":140,"column":67},"end":{"line":140,"column":71}}],"line":140},"14":{"loc":{"start":{"line":149,"column":2},"end":{"line":157,"column":null}},"type":"if","locations":[{"start":{"line":149,"column":2},"end":{"line":157,"column":null}},{"start":{},"end":{}}],"line":149},"15":{"loc":{"start":{"line":159,"column":20},"end":{"line":159,"column":null}},"type":"binary-expr","locations":[{"start":{"line":159,"column":20},"end":{"line":159,"column":37}},{"start":{"line":159,"column":37},"end":{"line":159,"column":null}}],"line":159},"16":{"loc":{"start":{"line":180,"column":7},"end":{"line":214,"column":null}},"type":"cond-expr","locations":[{"start":{"line":181,"column":8},"end":{"line":183,"column":9}},{"start":{"line":183,"column":8},"end":{"line":214,"column":null}}],"line":180},"17":{"loc":{"start":{"line":212,"column":13},"end":{"line":212,"column":null}},"type":"cond-expr","locations":[{"start":{"line":212,"column":26},"end":{"line":212,"column":null}},{"start":{"line":212,"column":82},"end":{"line":212,"column":null}}],"line":212},"18":{"loc":{"start":{"line":224,"column":9},"end":{"line":226,"column":null}},"type":"cond-expr","locations":[{"start":{"line":225,"column":10},"end":{"line":226,"column":null}},{"start":{"line":226,"column":12},"end":{"line":226,"column":null}}],"line":224},"19":{"loc":{"start":{"line":240,"column":21},"end":{"line":240,"column":null}},"type":"cond-expr","locations":[{"start":{"line":240,"column":34},"end":{"line":240,"column":85}},{"start":{"line":240,"column":85},"end":{"line":240,"column":null}}],"line":240},"20":{"loc":{"start":{"line":242,"column":10},"end":{"line":244,"column":null}},"type":"cond-expr","locations":[{"start":{"line":243,"column":14},"end":{"line":243,"column":null}},{"start":{"line":244,"column":14},"end":{"line":244,"column":null}}],"line":242},"21":{"loc":{"start":{"line":250,"column":19},"end":{"line":250,"column":null}},"type":"binary-expr","locations":[{"start":{"line":250,"column":19},"end":{"line":250,"column":42}},{"start":{"line":250,"column":42},"end":{"line":250,"column":null}}],"line":250}},"s":{"0":2,"1":2,"2":6,"3":2,"4":6,"5":2,"6":2,"7":1,"8":2,"9":2,"10":2,"11":2,"12":2,"13":2,"14":2,"15":2,"16":2,"17":2,"18":2,"19":2,"20":2,"21":2,"22":1,"23":2,"24":0,"25":2,"26":0,"27":0,"28":2,"29":0,"30":0,"31":0,"32":0,"33":0,"34":0,"35":2,"36":0,"37":0,"38":2,"39":0,"40":0,"41":0,"42":0,"43":0,"44":0,"45":0,"46":0,"47":0,"48":0,"49":0,"50":0,"51":0,"52":2,"53":0,"54":0,"55":0,"56":0,"57":0,"58":0,"59":0,"60":0,"61":0,"62":2,"63":0,"64":0,"65":0,"66":2,"67":0,"68":2,"69":0,"70":0,"71":0,"72":0,"73":0,"74":0,"75":0,"76":0,"77":0,"78":0,"79":0,"80":2,"81":0,"82":0,"83":2,"84":0,"85":2,"86":2,"87":0,"88":6,"89":0,"90":0,"91":0,"92":0,"93":0,"94":0,"95":0,"96":0,"97":0,"98":0,"99":0,"100":0},"f":{"0":2,"1":6,"2":6,"3":1,"4":2,"5":2,"6":1,"7":0,"8":0,"9":0,"10":0,"11":0,"12":0,"13":0,"14":0,"15":0,"16":0,"17":0,"18":0,"19":0,"20":0,"21":0,"22":0,"23":6,"24":0,"25":0,"26":0,"27":0,"28":0,"29":0,"30":0,"31":0,"32":0,"33":0,"34":0},"b":{"0":[0,0],"1":[0,0],"2":[0,0],"3":[0,0],"4":[0,0],"5":[0,0],"6":[0,0],"7":[0,0],"8":[0,0],"9":[0,0],"10":[0,0],"11":[0,0,0,0],"12":[0,0],"13":[0,0],"14":[0,2],"15":[2,0],"16":[0,2],"17":[0,2],"18":[0,2],"19":[0,2],"20":[0,2],"21":[2,2]},"meta":{"lastBranch":22,"lastFunction":35,"lastStatement":101,"seen":{"f:39:16:39:30":0,"s:40:76:41:Infinity":0,"s:43:8:43:Infinity":1,"f:43:22:43:38":1,"s:43:44:43:57":2,"s:44:8:44:Infinity":3,"f:44:18:44:34":2,"s:44:40:44:49":4,"s:45:8:45:Infinity":5,"s:47:8:50:Infinity":6,"f:47:25:47:Infinity":3,"s:48:11:48:Infinity":7,"s:52:8:52:Infinity":8,"f:52:24:52:38":4,"s:52:24:52:74":9,"s:54:8:54:Infinity":10,"f:54:20:54:34":5,"s:54:20:54:61":11,"s:55:8:55:Infinity":12,"s:57:21:57:Infinity":13,"s:58:19:58:Infinity":14,"s:59:21:59:Infinity":15,"s:60:23:60:Infinity":16,"s:61:21:61:Infinity":17,"s:62:21:62:Infinity":18,"s:63:21:63:Infinity":19,"s:65:8:68:Infinity":20,"s:70:2:72:Infinity":21,"f:70:2:70:18":6,"s:71:4:71:Infinity":22,"s:74:23:74:Infinity":23,"f:74:37:74:45":7,"s:74:51:74:72":24,"s:76:8:79:Infinity":25,"f:76:8:76:24":8,"s:77:4:77:Infinity":26,"s:78:4:78:Infinity":27,"s:81:8:88:Infinity":28,"f:81:8:81:24":9,"b:82:4:82:Infinity:undefined:undefined:undefined:undefined":0,"s:82:4:82:Infinity":29,"s:82:19:82:Infinity":30,"s:83:4:83:Infinity":31,"s:84:4:84:Infinity":32,"b:85:4:87:Infinity:undefined:undefined:undefined:undefined":1,"s:85:4:87:Infinity":33,"s:86:6:86:Infinity":34,"b:86:20:86:72:86:72:86:76":2,"s:90:8:93:Infinity":35,"f:90:8:90:31":10,"s:91:4:91:Infinity":36,"s:92:4:92:Infinity":37,"s:95:30:107:Infinity":38,"f:95:30:95:42":11,"b:96:4:96:Infinity:undefined:undefined:undefined:undefined":3,"s:96:4:96:Infinity":39,"s:96:23:96:Infinity":40,"s:97:15:97:Infinity":41,"s:98:4:98:Infinity":42,"f:98:4:98:19":12,"s:98:28:98:49":43,"s:99:4:99:Infinity":44,"s:100:4:100:Infinity":45,"f:100:14:100:23":13,"s:100:29:100:47":46,"s:101:4:101:Infinity":47,"s:102:4:106:Infinity":48,"f:102:4:102:19":14,"s:103:19:103:Infinity":49,"s:104:6:104:Infinity":50,"s:105:6:105:Infinity":51,"s:109:8:117:Infinity":52,"f:109:8:109:22":15,"s:110:16:110:Infinity":53,"s:111:19:111:Infinity":54,"b:111:42:111:52:111:52:111:Infinity":4,"b:112:4:112:Infinity:undefined:undefined:undefined:undefined":5,"s:112:4:112:Infinity":55,"b:112:8:112:22:112:22:112:58":6,"s:112:58:112:Infinity":56,"s:113:22:113:Infinity":57,"s:114:4:114:Infinity":58,"s:115:20:115:Infinity":59,"b:116:4:116:Infinity:undefined:undefined:undefined:undefined":7,"s:116:4:116:Infinity":60,"b:116:8:116:19:116:19:116:47":8,"s:116:47:116:Infinity":61,"s:119:8:122:Infinity":62,"f:119:8:119:27":16,"s:120:17:120:Infinity":63,"f:120:23:120:29":17,"s:120:35:120:59":64,"s:121:4:121:Infinity":65,"b:121:18:121:26:121:26:121:30":9,"s:124:8:126:Infinity":66,"f:124:8:124:26":18,"s:125:4:125:Infinity":67,"s:128:8:142:Infinity":68,"f:128:8:128:25":19,"s:129:10:129:Infinity":69,"s:130:10:130:Infinity":70,"s:131:17:131:Infinity":71,"f:131:23:131:29":20,"s:131:35:131:50":72,"s:133:4:133:Infinity":73,"s:134:4:134:Infinity":74,"b:136:4:136:Infinity:undefined:undefined:undefined:undefined":10,"s:136:4:136:Infinity":75,"b:136:8:136:19:136:19:136:28:136:28:136:74:136:74:136:89":11,"s:136:89:136:Infinity":76,"s:138:4:138:Infinity":77,"b:139:4:141:Infinity:undefined:undefined:undefined:undefined":12,"s:139:4:141:Infinity":78,"s:140:6:140:Infinity":79,"b:140:20:140:67:140:67:140:71":13,"s:144:8:147:Infinity":80,"f:144:8:144:33":21,"s:145:4:145:Infinity":81,"s:146:4:146:Infinity":82,"b:149:2:157:Infinity:undefined:undefined:undefined:undefined":14,"s:149:2:157:Infinity":83,"s:150:4:155:Infinity":84,"s:159:20:159:Infinity":85,"b:159:20:159:37:159:37:159:Infinity":15,"s:161:2:254:Infinity":86,"f:170:16:170:31":22,"s:170:31:170:52":87,"b:181:8:183:9:183:8:214:Infinity":16,"f:196:31:196:36":23,"s:197:14:207:Infinity":88,"f:200:38:200:46":24,"s:200:52:200:71":89,"f:204:18:204:38":25,"s:204:38:204:Infinity":90,"b:212:26:212:Infinity:212:82:212:Infinity":17,"f:217:33:217:48":26,"s:217:48:217:70":91,"f:219:44:219:60":27,"s:219:60:219:83":92,"f:223:33:223:48":28,"s:223:48:223:67":93,"b:225:10:226:Infinity:226:12:226:Infinity":18,"f:225:60:225:76":29,"s:225:76:225:96":94,"f:232:8:232:23":30,"s:232:23:232:Infinity":95,"f:233:8:233:17":31,"s:234:10:234:Infinity":96,"s:235:10:235:Infinity":97,"f:238:8:238:21":32,"s:238:30:238:Infinity":98,"f:239:8:239:21":33,"s:239:30:239:Infinity":99,"b:240:34:240:85:240:85:240:Infinity":19,"b:243:14:243:Infinity:244:14:244:Infinity":20,"b:250:19:250:42:250:42:250:Infinity":21,"f:252:8:252:24":34,"s:252:24:252:Infinity":100},"fnNames":{}}}
,"D:\\meena collage1st\\New-Project\\my-project\\src\\features\\tasks\\components\\KanbanBoard\\KanbanColumn.tsx": {"path":"D:\\meena collage1st\\New-Project\\my-project\\src\\features\\tasks\\components\\KanbanBoard\\KanbanColumn.tsx","statementMap":{"0":{"start":{"line":28,"column":22},"end":{"line":31,"column":null}},"1":{"start":{"line":33,"column":19},"end":{"line":33,"column":null}},"2":{"start":{"line":35,"column":2},"end":{"line":85,"column":null}},"3":{"start":{"line":66,"column":12},"end":{"line":71,"column":null}},"4":{"start":{"line":69,"column":29},"end":{"line":69,"column":null}},"5":{"start":{"line":70,"column":30},"end":{"line":70,"column":null}}},"fnMap":{"0":{"name":"KanbanColumn","decl":{"start":{"line":19,"column":16},"end":{"line":19,"column":29}},"loc":{"start":{"line":27,"column":22},"end":{"line":87,"column":null}},"line":27},"1":{"name":"(anonymous_1)","decl":{"start":{"line":65,"column":17},"end":{"line":65,"column":22}},"loc":{"start":{"line":66,"column":12},"end":{"line":71,"column":null}},"line":66},"2":{"name":"(anonymous_2)","decl":{"start":{"line":69,"column":14},"end":{"line":69,"column":29}},"loc":{"start":{"line":69,"column":29},"end":{"line":69,"column":null}},"line":69},"3":{"name":"(anonymous_3)","decl":{"start":{"line":70,"column":14},"end":{"line":70,"column":30}},"loc":{"start":{"line":70,"column":30},"end":{"line":70,"column":null}},"line":70}},"branchMap":{"0":{"loc":{"start":{"line":22,"column":2},"end":{"line":22,"column":null}},"type":"default-arg","locations":[{"start":{"line":22,"column":17},"end":{"line":22,"column":null}}],"line":22},"1":{"loc":{"start":{"line":26,"column":2},"end":{"line":26,"column":null}},"type":"default-arg","locations":[{"start":{"line":26,"column":14},"end":{"line":26,"column":null}}],"line":26},"2":{"loc":{"start":{"line":33,"column":19},"end":{"line":33,"column":null}},"type":"binary-expr","locations":[{"start":{"line":33,"column":19},"end":{"line":33,"column":29}},{"start":{"line":33,"column":29},"end":{"line":33,"column":null}}],"line":33},"3":{"loc":{"start":{"line":40,"column":8},"end":{"line":41,"column":null}},"type":"binary-expr","locations":[{"start":{"line":40,"column":8},"end":{"line":40,"column":null}},{"start":{"line":41,"column":10},"end":{"line":41,"column":null}}],"line":40},"4":{"loc":{"start":{"line":54,"column":7},"end":{"line":61,"column":null}},"type":"cond-expr","locations":[{"start":{"line":55,"column":8},"end":{"line":61,"column":null}},{"start":{"line":61,"column":10},"end":{"line":61,"column":null}}],"line":54},"5":{"loc":{"start":{"line":75,"column":9},"end":{"line":83,"column":null}},"type":"cond-expr","locations":[{"start":{"line":76,"column":10},"end":{"line":83,"column":null}},{"start":{"line":83,"column":12},"end":{"line":83,"column":null}}],"line":75},"6":{"loc":{"start":{"line":75,"column":9},"end":{"line":75,"column":null}},"type":"binary-expr","locations":[{"start":{"line":75,"column":9},"end":{"line":75,"column":22}},{"start":{"line":75,"column":22},"end":{"line":75,"column":null}}],"line":75},"7":{"loc":{"start":{"line":80,"column":25},"end":{"line":80,"column":null}},"type":"cond-expr","locations":[{"start":{"line":80,"column":45},"end":{"line":80,"column":58}},{"start":{"line":80,"column":58},"end":{"line":80,"column":null}}],"line":80},"8":{"loc":{"start":{"line":81,"column":22},"end":{"line":81,"column":null}},"type":"cond-expr","locations":[{"start":{"line":81,"column":42},"end":{"line":81,"column":57}},{"start":{"line":81,"column":57},"end":{"line":81,"column":null}}],"line":81}},"s":{"0":6,"1":6,"2":6,"3":0,"4":0,"5":0},"f":{"0":6,"1":0,"2":0,"3":0},"b":{"0":[6],"1":[6],"2":[6,6],"3":[6,0],"4":[0,6],"5":[6,0],"6":[6,6],"7":[2,4],"8":[2,4]},"meta":{"lastBranch":9,"lastFunction":4,"lastStatement":6,"seen":{"f:19:16:19:29":0,"b:22:17:22:Infinity":0,"b:26:14:26:Infinity":1,"s:28:22:31:Infinity":0,"s:33:19:33:Infinity":1,"b:33:19:33:29:33:29:33:Infinity":2,"s:35:2:85:Infinity":2,"b:40:8:40:Infinity:41:10:41:Infinity":3,"b:55:8:61:Infinity:61:10:61:Infinity":4,"f:65:17:65:22":1,"s:66:12:71:Infinity":3,"f:69:14:69:29":2,"s:69:29:69:Infinity":4,"f:70:14:70:30":3,"s:70:30:70:Infinity":5,"b:76:10:83:Infinity:83:12:83:Infinity":5,"b:75:9:75:22:75:22:75:Infinity":6,"b:80:45:80:58:80:58:80:Infinity":7,"b:81:42:81:57:81:57:81:Infinity":8},"fnNames":{}}}
,"D:\\meena collage1st\\New-Project\\my-project\\src\\features\\tasks\\components\\KanbanBoard\\index.ts": {"path":"D:\\meena collage1st\\New-Project\\my-project\\src\\features\\tasks\\components\\KanbanBoard\\index.ts","statementMap":{},"fnMap":{},"branchMap":{},"s":{},"f":{},"b":{},"meta":{"lastBranch":0,"lastFunction":0,"lastStatement":0,"seen":{},"fnNames":{}}}
,"D:\\meena collage1st\\New-Project\\my-project\\src\\features\\tasks\\components\\NoResultsState\\NoResultsState.tsx": {"path":"D:\\meena collage1st\\New-Project\\my-project\\src\\features\\tasks\\components\\NoResultsState\\NoResultsState.tsx","statementMap":{"0":{"start":{"line":7,"column":8},"end":{"line":7,"column":null}},"1":{"start":{"line":7,"column":45},"end":{"line":7,"column":59}},"2":{"start":{"line":9,"column":2},"end":{"line":27,"column":null}}},"fnMap":{"0":{"name":"NoResultsState","decl":{"start":{"line":6,"column":16},"end":{"line":6,"column":33}},"loc":{"start":{"line":6,"column":33},"end":{"line":29,"column":null}},"line":6},"1":{"name":"(anonymous_1)","decl":{"start":{"line":7,"column":23},"end":{"line":7,"column":39}},"loc":{"start":{"line":7,"column":45},"end":{"line":7,"column":59}},"line":7}},"branchMap":{},"s":{"0":1,"1":4,"2":1},"f":{"0":1,"1":4},"b":{},"meta":{"lastBranch":0,"lastFunction":2,"lastStatement":3,"seen":{"f:6:16:6:33":0,"s:7:8:7:Infinity":0,"f:7:23:7:39":1,"s:7:45:7:59":1,"s:9:2:27:Infinity":2},"fnNames":{}}}
,"D:\\meena collage1st\\New-Project\\my-project\\src\\features\\tasks\\components\\NoResultsState\\index.ts": {"path":"D:\\meena collage1st\\New-Project\\my-project\\src\\features\\tasks\\components\\NoResultsState\\index.ts","statementMap":{},"fnMap":{},"branchMap":{},"s":{},"f":{},"b":{},"meta":{"lastBranch":0,"lastFunction":0,"lastStatement":0,"seen":{},"fnNames":{}}}
,"D:\\meena collage1st\\New-Project\\my-project\\src\\features\\tasks\\components\\SearchBar\\SearchBar.tsx": {"path":"D:\\meena collage1st\\New-Project\\my-project\\src\\features\\tasks\\components\\SearchBar\\SearchBar.tsx","statementMap":{"0":{"start":{"line":7,"column":8},"end":{"line":7,"column":null}},"1":{"start":{"line":7,"column":44},"end":{"line":7,"column":57}},"2":{"start":{"line":8,"column":8},"end":{"line":8,"column":null}},"3":{"start":{"line":8,"column":47},"end":{"line":8,"column":63}},"4":{"start":{"line":10,"column":2},"end":{"line":20,"column":null}},"5":{"start":{"line":16,"column":25},"end":{"line":16,"column":null}}},"fnMap":{"0":{"name":"SearchBar","decl":{"start":{"line":6,"column":16},"end":{"line":6,"column":28}},"loc":{"start":{"line":6,"column":28},"end":{"line":22,"column":null}},"line":6},"1":{"name":"(anonymous_1)","decl":{"start":{"line":7,"column":22},"end":{"line":7,"column":38}},"loc":{"start":{"line":7,"column":44},"end":{"line":7,"column":57}},"line":7},"2":{"name":"(anonymous_2)","decl":{"start":{"line":8,"column":25},"end":{"line":8,"column":41}},"loc":{"start":{"line":8,"column":47},"end":{"line":8,"column":63}},"line":8},"3":{"name":"(anonymous_3)","decl":{"start":{"line":16,"column":8},"end":{"line":16,"column":19}},"loc":{"start":{"line":16,"column":25},"end":{"line":16,"column":null}},"line":16}},"branchMap":{},"s":{"0":6,"1":21,"2":6,"3":21,"4":6,"5":3},"f":{"0":6,"1":21,"2":21,"3":3},"b":{},"meta":{"lastBranch":0,"lastFunction":4,"lastStatement":6,"seen":{"f:6:16:6:28":0,"s:7:8:7:Infinity":0,"f:7:22:7:38":1,"s:7:44:7:57":1,"s:8:8:8:Infinity":2,"f:8:25:8:41":2,"s:8:47:8:63":3,"s:10:2:20:Infinity":4,"f:16:8:16:19":3,"s:16:25:16:Infinity":5},"fnNames":{}}}
,"D:\\meena collage1st\\New-Project\\my-project\\src\\features\\tasks\\components\\SearchBar\\index.ts": {"path":"D:\\meena collage1st\\New-Project\\my-project\\src\\features\\tasks\\components\\SearchBar\\index.ts","statementMap":{},"fnMap":{},"branchMap":{},"s":{},"f":{},"b":{},"meta":{"lastBranch":0,"lastFunction":0,"lastStatement":0,"seen":{},"fnNames":{}}}
,"D:\\meena collage1st\\New-Project\\my-project\\src\\features\\tasks\\components\\TaskCard\\TaskCard.tsx": {"path":"D:\\meena collage1st\\New-Project\\my-project\\src\\features\\tasks\\components\\TaskCard\\TaskCard.tsx","statementMap":{"0":{"start":{"line":26,"column":8},"end":{"line":26,"column":null}},"1":{"start":{"line":27,"column":8},"end":{"line":27,"column":null}},"2":{"start":{"line":29,"column":2},"end":{"line":97,"column":null}},"3":{"start":{"line":55,"column":14},"end":{"line":55,"column":null}},"4":{"start":{"line":56,"column":14},"end":{"line":56,"column":null}},"5":{"start":{"line":88,"column":10},"end":{"line":90,"column":null}}},"fnMap":{"0":{"name":"TaskCard","decl":{"start":{"line":18,"column":16},"end":{"line":18,"column":25}},"loc":{"start":{"line":25,"column":18},"end":{"line":99,"column":null}},"line":25},"1":{"name":"(anonymous_1)","decl":{"start":{"line":54,"column":12},"end":{"line":54,"column":22}},"loc":{"start":{"line":54,"column":28},"end":{"line":57,"column":null}},"line":54},"2":{"name":"(anonymous_2)","decl":{"start":{"line":87,"column":31},"end":{"line":87,"column":36}},"loc":{"start":{"line":88,"column":10},"end":{"line":90,"column":null}},"line":88}},"branchMap":{"0":{"loc":{"start":{"line":32,"column":16},"end":{"line":32,"column":null}},"type":"binary-expr","locations":[{"start":{"line":32,"column":16},"end":{"line":32,"column":28}},{"start":{"line":32,"column":28},"end":{"line":32,"column":null}}],"line":32},"1":{"loc":{"start":{"line":42,"column":8},"end":{"line":42,"column":null}},"type":"binary-expr","locations":[{"start":{"line":42,"column":8},"end":{"line":42,"column":19}},{"start":{"line":42,"column":19},"end":{"line":42,"column":null}}],"line":42},"2":{"loc":{"start":{"line":43,"column":8},"end":{"line":43,"column":null}},"type":"binary-expr","locations":[{"start":{"line":43,"column":8},"end":{"line":43,"column":22}},{"start":{"line":43,"column":22},"end":{"line":43,"column":null}}],"line":43},"3":{"loc":{"start":{"line":51,"column":9},"end":{"line":63,"column":null}},"type":"cond-expr","locations":[{"start":{"line":52,"column":10},"end":{"line":63,"column":null}},{"start":{"line":63,"column":12},"end":{"line":63,"column":null}}],"line":51},"4":{"loc":{"start":{"line":66,"column":7},"end":{"line":68,"column":null}},"type":"cond-expr","locations":[{"start":{"line":67,"column":8},"end":{"line":68,"column":null}},{"start":{"line":68,"column":10},"end":{"line":68,"column":null}}],"line":66},"5":{"loc":{"start":{"line":72,"column":9},"end":{"line":86,"column":null}},"type":"cond-expr","locations":[{"start":{"line":73,"column":10},"end":{"line":86,"column":null}},{"start":{"line":86,"column":12},"end":{"line":86,"column":null}}],"line":72},"6":{"loc":{"start":{"line":76,"column":14},"end":{"line":80,"column":null}},"type":"cond-expr","locations":[{"start":{"line":77,"column":18},"end":{"line":77,"column":null}},{"start":{"line":78,"column":18},"end":{"line":80,"column":null}}],"line":76},"7":{"loc":{"start":{"line":78,"column":18},"end":{"line":80,"column":null}},"type":"cond-expr","locations":[{"start":{"line":79,"column":20},"end":{"line":79,"column":null}},{"start":{"line":80,"column":20},"end":{"line":80,"column":null}}],"line":78},"8":{"loc":{"start":{"line":83,"column":13},"end":{"line":83,"column":null}},"type":"cond-expr","locations":[{"start":{"line":83,"column":23},"end":{"line":83,"column":30}},{"start":{"line":83,"column":30},"end":{"line":83,"column":null}}],"line":83},"9":{"loc":{"start":{"line":94,"column":7},"end":{"line":96,"column":null}},"type":"cond-expr","locations":[{"start":{"line":95,"column":8},"end":{"line":96,"column":null}},{"start":{"line":96,"column":10},"end":{"line":96,"column":null}}],"line":94}},"s":{"0":3,"1":3,"2":3,"3":0,"4":0,"5":3},"f":{"0":3,"1":0,"2":3},"b":{"0":[3,3],"1":[3,1],"2":[3,0],"3":[0,3],"4":[3,0],"5":[1,2],"6":[1,0],"7":[0,0],"8":[1,0],"9":[3,0]},"meta":{"lastBranch":10,"lastFunction":3,"lastStatement":6,"seen":{"f:18:16:18:25":0,"s:26:8:26:Infinity":0,"s:27:8:27:Infinity":1,"s:29:2:97:Infinity":2,"b:32:16:32:28:32:28:32:Infinity":0,"b:42:8:42:19:42:19:42:Infinity":1,"b:43:8:43:22:43:22:43:Infinity":2,"b:52:10:63:Infinity:63:12:63:Infinity":3,"f:54:12:54:22":1,"s:55:14:55:Infinity":3,"s:56:14:56:Infinity":4,"b:67:8:68:Infinity:68:10:68:Infinity":4,"b:73:10:86:Infinity:86:12:86:Infinity":5,"b:77:18:77:Infinity:78:18:80:Infinity":6,"b:79:20:79:Infinity:80:20:80:Infinity":7,"b:83:23:83:30:83:30:83:Infinity":8,"f:87:31:87:36":2,"s:88:10:90:Infinity":5,"b:95:8:96:Infinity:96:10:96:Infinity":9},"fnNames":{}}}
,"D:\\meena collage1st\\New-Project\\my-project\\src\\features\\tasks\\components\\TaskCard\\index.ts": {"path":"D:\\meena collage1st\\New-Project\\my-project\\src\\features\\tasks\\components\\TaskCard\\index.ts","statementMap":{},"fnMap":{},"branchMap":{},"s":{},"f":{},"b":{},"meta":{"lastBranch":0,"lastFunction":0,"lastStatement":0,"seen":{},"fnNames":{}}}
,"D:\\meena collage1st\\New-Project\\my-project\\src\\features\\tasks\\components\\TaskDetailModal\\TaskDetailModal.tsx": {"path":"D:\\meena collage1st\\New-Project\\my-project\\src\\features\\tasks\\components\\TaskDetailModal\\TaskDetailModal.tsx","statementMap":{"0":{"start":{"line":32,"column":18},"end":{"line":32,"column":null}},"1":{"start":{"line":34,"column":2},"end":{"line":127,"column":null}},"2":{"start":{"line":43,"column":16},"end":{"line":43,"column":null}},"3":{"start":{"line":72,"column":20},"end":{"line":78,"column":null}},"4":{"start":{"line":92,"column":22},"end":{"line":95,"column":null}},"5":{"start":{"line":103,"column":66},"end":{"line":103,"column":82}},"6":{"start":{"line":107,"column":71},"end":{"line":107,"column":89}},"7":{"start":{"line":112,"column":71},"end":{"line":112,"column":89}},"8":{"start":{"line":121,"column":39},"end":{"line":121,"column":53}}},"fnMap":{"0":{"name":"TaskDetailModal","decl":{"start":{"line":21,"column":16},"end":{"line":21,"column":32}},"loc":{"start":{"line":31,"column":25},"end":{"line":129,"column":null}},"line":31},"1":{"name":"(anonymous_1)","decl":{"start":{"line":42,"column":25},"end":{"line":42,"column":30}},"loc":{"start":{"line":43,"column":16},"end":{"line":43,"column":null}},"line":43},"2":{"name":"(anonymous_2)","decl":{"start":{"line":71,"column":33},"end":{"line":71,"column":38}},"loc":{"start":{"line":72,"column":20},"end":{"line":78,"column":null}},"line":72},"3":{"name":"(anonymous_3)","decl":{"start":{"line":91,"column":21},"end":{"line":91,"column":26}},"loc":{"start":{"line":92,"column":22},"end":{"line":95,"column":null}},"line":92},"4":{"name":"(anonymous_4)","decl":{"start":{"line":103,"column":51},"end":{"line":103,"column":66}},"loc":{"start":{"line":103,"column":66},"end":{"line":103,"column":82}},"line":103},"5":{"name":"(anonymous_5)","decl":{"start":{"line":107,"column":56},"end":{"line":107,"column":71}},"loc":{"start":{"line":107,"column":71},"end":{"line":107,"column":89}},"line":107},"6":{"name":"(anonymous_6)","decl":{"start":{"line":112,"column":56},"end":{"line":112,"column":71}},"loc":{"start":{"line":112,"column":71},"end":{"line":112,"column":89}},"line":112},"7":{"name":"(anonymous_7)","decl":{"start":{"line":121,"column":24},"end":{"line":121,"column":39}},"loc":{"start":{"line":121,"column":39},"end":{"line":121,"column":53}},"line":121}},"branchMap":{"0":{"loc":{"start":{"line":32,"column":18},"end":{"line":32,"column":null}},"type":"cond-expr","locations":[{"start":{"line":32,"column":18},"end":{"line":32,"column":64}},{"start":{"line":32,"column":64},"end":{"line":32,"column":null}}],"line":32},"1":{"loc":{"start":{"line":36,"column":21},"end":{"line":36,"column":48}},"type":"binary-expr","locations":[{"start":{"line":36,"column":21},"end":{"line":36,"column":31}},{"start":{"line":36,"column":31},"end":{"line":36,"column":48}}],"line":36},"2":{"loc":{"start":{"line":37,"column":9},"end":{"line":125,"column":null}},"type":"cond-expr","locations":[{"start":{"line":38,"column":10},"end":{"line":125,"column":null}},{"start":{"line":125,"column":12},"end":{"line":125,"column":null}}],"line":37},"3":{"loc":{"start":{"line":47,"column":13},"end":{"line":49,"column":null}},"type":"cond-expr","locations":[{"start":{"line":48,"column":14},"end":{"line":49,"column":null}},{"start":{"line":49,"column":16},"end":{"line":49,"column":null}}],"line":47},"4":{"loc":{"start":{"line":52,"column":15},"end":{"line":57,"column":null}},"type":"cond-expr","locations":[{"start":{"line":53,"column":16},"end":{"line":57,"column":null}},{"start":{"line":57,"column":18},"end":{"line":57,"column":null}}],"line":52},"5":{"loc":{"start":{"line":58,"column":15},"end":{"line":64,"column":null}},"type":"cond-expr","locations":[{"start":{"line":59,"column":16},"end":{"line":64,"column":null}},{"start":{"line":64,"column":18},"end":{"line":64,"column":null}}],"line":58},"6":{"loc":{"start":{"line":59,"column":30},"end":{"line":59,"column":null}},"type":"cond-expr","locations":[{"start":{"line":59,"column":40},"end":{"line":59,"column":75}},{"start":{"line":59,"column":75},"end":{"line":59,"column":null}}],"line":59},"7":{"loc":{"start":{"line":62,"column":19},"end":{"line":62,"column":null}},"type":"cond-expr","locations":[{"start":{"line":62,"column":29},"end":{"line":62,"column":44}},{"start":{"line":62,"column":44},"end":{"line":62,"column":null}}],"line":62},"8":{"loc":{"start":{"line":67,"column":13},"end":{"line":82,"column":null}},"type":"cond-expr","locations":[{"start":{"line":68,"column":14},"end":{"line":82,"column":null}},{"start":{"line":82,"column":16},"end":{"line":82,"column":null}}],"line":67},"9":{"loc":{"start":{"line":76,"column":29},"end":{"line":76,"column":60}},"type":"cond-expr","locations":[{"start":{"line":76,"column":44},"end":{"line":76,"column":50}},{"start":{"line":76,"column":50},"end":{"line":76,"column":60}}],"line":76},"10":{"loc":{"start":{"line":84,"column":13},"end":{"line":99,"column":null}},"type":"cond-expr","locations":[{"start":{"line":85,"column":14},"end":{"line":99,"column":null}},{"start":{"line":99,"column":16},"end":{"line":99,"column":null}}],"line":84},"11":{"loc":{"start":{"line":94,"column":25},"end":{"line":94,"column":null}},"type":"cond-expr","locations":[{"start":{"line":94,"column":41},"end":{"line":94,"column":64}},{"start":{"line":94,"column":64},"end":{"line":94,"column":null}}],"line":94},"12":{"loc":{"start":{"line":106,"column":17},"end":{"line":110,"column":null}},"type":"cond-expr","locations":[{"start":{"line":107,"column":18},"end":{"line":110,"column":null}},{"start":{"line":110,"column":20},"end":{"line":110,"column":null}}],"line":106},"13":{"loc":{"start":{"line":106,"column":17},"end":{"line":106,"column":null}},"type":"binary-expr","locations":[{"start":{"line":106,"column":17},"end":{"line":106,"column":32}},{"start":{"line":106,"column":32},"end":{"line":106,"column":null}}],"line":106},"14":{"loc":{"start":{"line":111,"column":17},"end":{"line":115,"column":null}},"type":"cond-expr","locations":[{"start":{"line":112,"column":18},"end":{"line":115,"column":null}},{"start":{"line":115,"column":20},"end":{"line":115,"column":null}}],"line":111},"15":{"loc":{"start":{"line":111,"column":17},"end":{"line":111,"column":null}},"type":"binary-expr","locations":[{"start":{"line":111,"column":17},"end":{"line":111,"column":32}},{"start":{"line":111,"column":32},"end":{"line":111,"column":null}}],"line":111}},"s":{"0":2,"1":2,"2":0,"3":0,"4":0,"5":0,"6":0,"7":0,"8":0},"f":{"0":2,"1":0,"2":0,"3":0,"4":0,"5":0,"6":0,"7":0},"b":{"0":[0,2],"1":[2,0],"2":[0,2],"3":[0,0],"4":[0,0],"5":[0,0],"6":[0,0],"7":[0,0],"8":[0,0],"9":[0,0],"10":[0,0],"11":[0,0],"12":[0,0],"13":[0,0],"14":[0,0],"15":[0,0]},"meta":{"lastBranch":16,"lastFunction":8,"lastStatement":9,"seen":{"f:21:16:21:32":0,"s:32:18:32:Infinity":0,"b:32:18:32:64:32:64:32:Infinity":0,"s:34:2:127:Infinity":1,"b:36:21:36:31:36:31:36:48":1,"b:38:10:125:Infinity:125:12:125:Infinity":2,"f:42:25:42:30":1,"s:43:16:43:Infinity":2,"b:48:14:49:Infinity:49:16:49:Infinity":3,"b:53:16:57:Infinity:57:18:57:Infinity":4,"b:59:16:64:Infinity:64:18:64:Infinity":5,"b:59:40:59:75:59:75:59:Infinity":6,"b:62:29:62:44:62:44:62:Infinity":7,"b:68:14:82:Infinity:82:16:82:Infinity":8,"f:71:33:71:38":2,"s:72:20:78:Infinity":3,"b:76:44:76:50:76:50:76:60":9,"b:85:14:99:Infinity:99:16:99:Infinity":10,"f:91:21:91:26":3,"s:92:22:95:Infinity":4,"b:94:41:94:64:94:64:94:Infinity":11,"f:103:51:103:66":4,"s:103:66:103:82":5,"b:107:18:110:Infinity:110:20:110:Infinity":12,"b:106:17:106:32:106:32:106:Infinity":13,"f:107:56:107:71":5,"s:107:71:107:89":6,"b:112:18:115:Infinity:115:20:115:Infinity":14,"b:111:17:111:32:111:32:111:Infinity":15,"f:112:56:112:71":6,"s:112:71:112:89":7,"f:121:24:121:39":7,"s:121:39:121:53":8},"fnNames":{}}}
,"D:\\meena collage1st\\New-Project\\my-project\\src\\features\\tasks\\components\\TaskDetailModal\\index.ts": {"path":"D:\\meena collage1st\\New-Project\\my-project\\src\\features\\tasks\\components\\TaskDetailModal\\index.ts","statementMap":{},"fnMap":{},"branchMap":{},"s":{},"f":{},"b":{},"meta":{"lastBranch":0,"lastFunction":0,"lastStatement":0,"seen":{},"fnNames":{}}}
[...]
,"D:\\meena collage1st\\New-Project\\my-project\\src\\shared\\components\\Tooltip\\index.ts": {"path":"D:\\meena collage1st\\New-Project\\my-project\\src\\shared\\components\\Tooltip\\index.ts","statementMap":{},"fnMap":{},"branchMap":{},"s":{},"f":{},"b":{},"meta":{"lastBranch":0,"lastFunction":0,"lastStatement":0,"seen":{},"fnNames":{}}}
,"D:\\meena collage1st\\New-Project\\my-project\\src\\shared\\hooks\\useDebounce.ts": {"path":"D:\\meena collage1st\\New-Project\\my-project\\src\\shared\\hooks\\useDebounce.ts","statementMap":{"0":{"start":{"line":4,"column":20},"end":{"line":4,"column":null}},"1":{"start":{"line":6,"column":2},"end":{"line":9,"column":null}},"2":{"start":{"line":7,"column":18},"end":{"line":7,"column":null}},"3":{"start":{"line":7,"column":35},"end":{"line":7,"column":56}},"4":{"start":{"line":8,"column":4},"end":{"line":8,"column":null}},"5":{"start":{"line":8,"column":17},"end":{"line":8,"column":null}},"6":{"start":{"line":11,"column":2},"end":{"line":11,"column":null}}},"fnMap":{"0":{"name":"useDebounce","decl":{"start":{"line":3,"column":16},"end":{"line":3,"column":31}},"loc":{"start":{"line":3,"column":57},"end":{"line":12,"column":null}},"line":3},"1":{"name":"(anonymous_1)","decl":{"start":{"line":6,"column":2},"end":{"line":6,"column":18}},"loc":{"start":{"line":6,"column":18},"end":{"line":9,"column":5}},"line":6},"2":{"name":"(anonymous_2)","decl":{"start":{"line":7,"column":18},"end":{"line":7,"column":35}},"loc":{"start":{"line":7,"column":35},"end":{"line":7,"column":56}},"line":7},"3":{"name":"(anonymous_3)","decl":{"start":{"line":8,"column":4},"end":{"line":8,"column":17}},"loc":{"start":{"line":8,"column":17},"end":{"line":8,"column":null}},"line":8}},"branchMap":{"0":{"loc":{"start":{"line":3,"column":41},"end":{"line":3,"column":57}},"type":"default-arg","locations":[{"start":{"line":3,"column":49},"end":{"line":3,"column":57}}],"line":3}},"s":{"0":5,"1":5,"2":3,"3":1,"4":3,"5":3,"6":5},"f":{"0":5,"1":3,"2":1,"3":3},"b":{"0":[5]},"meta":{"lastBranch":1,"lastFunction":4,"lastStatement":7,"seen":{"f:3:16:3:31":0,"b:3:49:3:57":0,"s:4:20:4:Infinity":0,"s:6:2:9:Infinity":1,"f:6:2:6:18":1,"s:7:18:7:Infinity":2,"f:7:18:7:35":2,"s:7:35:7:56":3,"s:8:4:8:Infinity":4,"f:8:4:8:17":3,"s:8:17:8:Infinity":5,"s:11:2:11:Infinity":6},"fnNames":{}}}
,"D:\\meena collage1st\\New-Project\\my-project\\src\\shared\\motion\\variants.ts": {"path":"D:\\meena collage1st\\New-Project\\my-project\\src\\shared\\motion\\variants.ts","statementMap":{"0":{"start":{"line":4,"column":28},"end":{"line":16,"column":null}},"1":{"start":{"line":18,"column":45},"end":{"line":21,"column":null}},"2":{"start":{"line":23,"column":38},"end":{"line":33,"column":null}},"3":{"start":{"line":35,"column":39},"end":{"line":47,"column":null}},"4":{"start":{"line":49,"column":41},"end":{"line":61,"column":null}},"5":{"start":{"line":63,"column":43},"end":{"line":75,"column":null}},"6":{"start":{"line":77,"column":43},"end":{"line":89,"column":null}},"7":{"start":{"line":91,"column":44},"end":{"line":103,"column":null}},"8":{"start":{"line":105,"column":50},"end":{"line":121,"column":null}},"9":{"start":{"line":123,"column":45},"end":{"line":135,"column":null}},"10":{"start":{"line":137,"column":30},"end":{"line":144,"column":null}}},"fnMap":{},"branchMap":{},"s":{"0":9,"1":9,"2":9,"3":9,"4":9,"5":9,"6":9,"7":9,"8":9,"9":9,"10":9},"f":{},"b":{},"meta":{"lastBranch":0,"lastFunction":0,"lastStatement":11,"seen":{"s:4:28:16:Infinity":0,"s:18:45:21:Infinity":1,"s:23:38:33:Infinity":2,"s:35:39:47:Infinity":3,"s:49:41:61:Infinity":4,"s:63:43:75:Infinity":5,"s:77:43:89:Infinity":6,"s:91:44:103:Infinity":7,"s:105:50:121:Infinity":8,"s:123:45:135:Infinity":9,"s:137:30:144:Infinity":10},"fnNames":{}}}
,"D:\\meena collage1st\\New-Project\\my-project\\src\\shared\\utils\\cn.ts": {"path":"D:\\meena collage1st\\New-Project\\my-project\\src\\shared\\utils\\cn.ts","statementMap":{"0":{"start":{"line":5,"column":2},"end":{"line":5,"column":null}}},"fnMap":{"0":{"name":"cn","decl":{"start":{"line":4,"column":16},"end":{"line":4,"column":19}},"loc":{"start":{"line":4,"column":44},"end":{"line":6,"column":null}},"line":4}},"branchMap":{},"s":{"0":149},"f":{"0":149},"b":{},"meta":{"lastBranch":0,"lastFunction":1,"lastStatement":1,"seen":{"f:4:16:4:19":0,"s:5:2:5:Infinity":0},"fnNames":{}}}
,"D:\\meena collage1st\\New-Project\\my-project\\src\\store\\useAppStore.ts": {"path":"D:\\meena collage1st\\New-Project\\my-project\\src\\store\\useAppStore.ts","statementMap":{"0":{"start":{"line":14,"column":2},"end":{"line":16,"column":null}},"1":{"start":{"line":15,"column":4},"end":{"line":15,"column":null}},"2":{"start":{"line":17,"column":2},"end":{"line":17,"column":null}},"3":{"start":{"line":21,"column":19},"end":{"line":21,"column":null}},"4":{"start":{"line":22,"column":2},"end":{"line":22,"column":null}},"5":{"start":{"line":25,"column":13},"end":{"line":53,"column":null}},"6":{"start":{"line":27,"column":19},"end":{"line":44,"column":null}},"7":{"start":{"line":32,"column":8},"end":{"line":32,"column":null}},"8":{"start":{"line":33,"column":8},"end":{"line":33,"column":null}},"9":{"start":{"line":37,"column":24},"end":{"line":37,"column":null}},"10":{"start":{"line":38,"column":28},"end":{"line":38,"column":null}},"11":{"start":{"line":39,"column":8},"end":{"line":39,"column":null}},"12":{"start":{"line":40,"column":8},"end":{"line":40,"column":null}},"13":{"start":{"line":43,"column":32},"end":{"line":43,"column":null}},"14":{"start":{"line":47,"column":30},"end":{"line":47,"column":null}},"15":{"start":{"line":48,"column":6},"end":{"line":50,"column":null}},"16":{"start":{"line":49,"column":8},"end":{"line":49,"column":null}},"17":{"start":{"line":49,"column":19},"end":{"line":49,"column":null}},"18":{"start":{"line":56,"column":17},"end":{"line":56,"column":null}},"19":{"start":{"line":57,"column":2},"end":{"line":66,"column":null}},"20":{"start":{"line":58,"column":4},"end":{"line":65,"column":null}},"21":{"start":{"line":59,"column":21},"end":{"line":59,"column":null}},"22":{"start":{"line":60,"column":20},"end":{"line":60,"column":null}},"23":{"start":{"line":61,"column":6},"end":{"line":61,"column":null}},"24":{"start":{"line":62,"column":6},"end":{"line":62,"column":null}},"25":{"start":{"line":67,"column":2},"end":{"line":67,"column":null}}},"fnMap":{"0":{"name":"resolveTheme","decl":{"start":{"line":13,"column":9},"end":{"line":13,"column":22}},"loc":{"start":{"line":13,"column":54},"end":{"line":18,"column":null}},"line":13},"1":{"name":"applyTheme","decl":{"start":{"line":20,"column":9},"end":{"line":20,"column":20}},"loc":{"start":{"line":20,"column":34},"end":{"line":23,"column":null}},"line":20},"2":{"name":"(anonymous_2)","decl":{"start":{"line":26,"column":2},"end":{"line":26,"column":null}},"loc":{"start":{"line":27,"column":19},"end":{"line":44,"column":null}},"line":27},"3":{"name":"(anonymous_3)","decl":{"start":{"line":31,"column":6},"end":{"line":31,"column":17}},"loc":{"start":{"line":31,"column":27},"end":{"line":34,"column":null}},"line":31},"4":{"name":"(anonymous_4)","decl":{"start":{"line":36,"column":6},"end":{"line":36,"column":25}},"loc":{"start":{"line":36,"column":25},"end":{"line":41,"column":null}},"line":36},"5":{"name":"(anonymous_5)","decl":{"start":{"line":43,"column":6},"end":{"line":43,"column":23}},"loc":{"start":{"line":43,"column":32},"end":{"line":43,"column":null}},"line":43},"6":{"name":"(anonymous_6)","decl":{"start":{"line":47,"column":6},"end":{"line":47,"column":19}},"loc":{"start":{"line":47,"column":30},"end":{"line":47,"column":null}},"line":47},"7":{"name":"(anonymous_7)","decl":{"start":{"line":48,"column":6},"end":{"line":48,"column":33}},"loc":{"start":{"line":48,"column":6},"end":{"line":50,"column":null}},"line":48},"8":{"name":"initTheme","decl":{"start":{"line":55,"column":16},"end":{"line":55,"column":28}},"loc":{"start":{"line":55,"column":28},"end":{"line":68,"column":null}},"line":55}},"branchMap":{"0":{"loc":{"start":{"line":14,"column":2},"end":{"line":16,"column":null}},"type":"if","locations":[{"start":{"line":14,"column":2},"end":{"line":16,"column":null}},{"start":{},"end":{}}],"line":14},"1":{"loc":{"start":{"line":15,"column":11},"end":{"line":15,"column":null}},"type":"cond-expr","locations":[{"start":{"line":15,"column":71},"end":{"line":15,"column":80}},{"start":{"line":15,"column":80},"end":{"line":15,"column":null}}],"line":15},"2":{"loc":{"start":{"line":38,"column":28},"end":{"line":38,"column":null}},"type":"cond-expr","locations":[{"start":{"line":38,"column":49},"end":{"line":38,"column":59}},{"start":{"line":38,"column":59},"end":{"line":38,"column":null}}],"line":38},"3":{"loc":{"start":{"line":49,"column":8},"end":{"line":49,"column":null}},"type":"if","locations":[{"start":{"line":49,"column":8},"end":{"line":49,"column":null}},{"start":{},"end":{}}],"line":49},"4":{"loc":{"start":{"line":57,"column":2},"end":{"line":66,"column":null}},"type":"if","locations":[{"start":{"line":57,"column":2},"end":{"line":66,"column":null}},{"start":{},"end":{}}],"line":57},"5":{"loc":{"start":{"line":60,"column":20},"end":{"line":60,"column":null}},"type":"binary-expr","locations":[{"start":{"line":60,"column":20},"end":{"line":60,"column":43}},{"start":{"line":60,"column":43},"end":{"line":60,"column":null}}],"line":60}},"s":{"0":4,"1":2,"2":2,"3":3,"4":3,"5":2,"6":2,"7":0,"8":0,"9":1,"10":1,"11":1,"12":1,"13":0,"14":3,"15":2,"16":2,"17":2,"18":0,"19":0,"20":0,"21":0,"22":0,"23":0,"24":0,"25":0},"f":{"0":4,"1":3,"2":2,"3":0,"4":1,"5":0,"6":3,"7":4,"8":0},"b":{"0":[2,2],"1":[0,2],"2":[0,1],"3":[2,0],"4":[0,0],"5":[0,0]},"meta":{"lastBranch":6,"lastFunction":9,"lastStatement":26,"seen":{"f:13:9:13:22":0,"b:14:2:16:Infinity:undefined:undefined:undefined:undefined":0,"s:14:2:16:Infinity":0,"s:15:4:15:Infinity":1,"b:15:71:15:80:15:80:15:Infinity":1,"s:17:2:17:Infinity":2,"f:20:9:20:20":1,"s:21:19:21:Infinity":3,"s:22:2:22:Infinity":4,"s:25:13:53:Infinity":5,"f:26:2:26:Infinity":2,"s:27:19:44:Infinity":6,"f:31:6:31:17":3,"s:32:8:32:Infinity":7,"s:33:8:33:Infinity":8,"f:36:6:36:25":4,"s:37:24:37:Infinity":9,"s:38:28:38:Infinity":10,"b:38:49:38:59:38:59:38:Infinity":2,"s:39:8:39:Infinity":11,"s:40:8:40:Infinity":12,"f:43:6:43:23":5,"s:43:32:43:Infinity":13,"f:47:6:47:19":6,"s:47:30:47:Infinity":14,"f:48:6:48:33":7,"s:48:6:50:Infinity":15,"b:49:8:49:Infinity:undefined:undefined:undefined:undefined":3,"s:49:8:49:Infinity":16,"s:49:19:49:Infinity":17,"f:55:16:55:28":8,"s:56:17:56:Infinity":18,"b:57:2:66:Infinity:undefined:undefined:undefined:undefined":4,"s:57:2:66:Infinity":19,"s:58:4:65:Infinity":20,"s:59:21:59:Infinity":21,"s:60:20:60:Infinity":22,"b:60:20:60:43:60:43:60:Infinity":5,"s:61:6:61:Infinity":23,"s:62:6:62:Infinity":24,"s:67:2:67:Infinity":25},"fnNames":{}}}
,"D:\\meena collage1st\\New-Project\\my-project\\src\\store\\useTaskStore.ts": {"path":"D:\\meena collage1st\\New-Project\\my-project\\src\\store\\useTaskStore.ts","statementMap":{"0":{"start":{"line":24,"column":2},"end":{"line":29,"column":null}},"1":{"start":{"line":32,"column":13},"end":{"line":82,"column":null}},"2":{"start":{"line":32,"column":61},"end":{"line":82,"column":2}},"3":{"start":{"line":37,"column":18},"end":{"line":37,"column":null}},"4":{"start":{"line":38,"column":4},"end":{"line":38,"column":null}},"5":{"start":{"line":42,"column":10},"end":{"line":42,"column":null}},"6":{"start":{"line":43,"column":4},"end":{"line":43,"column":null}},"7":{"start":{"line":44,"column":4},"end":{"line":44,"column":null}},"8":{"start":{"line":45,"column":4},"end":{"line":45,"column":null}},"9":{"start":{"line":49,"column":21},"end":{"line":49,"column":null}},"10":{"start":{"line":50,"column":4},"end":{"line":50,"column":null}},"11":{"start":{"line":50,"column":19},"end":{"line":50,"column":null}},"12":{"start":{"line":52,"column":20},"end":{"line":57,"column":null}},"13":{"start":{"line":58,"column":19},"end":{"line":58,"column":null}},"14":{"start":{"line":59,"column":4},"end":{"line":59,"column":null}},"15":{"start":{"line":59,"column":16},"end":{"line":59,"column":null}},"16":{"start":{"line":60,"column":4},"end":{"line":60,"column":null}},"17":{"start":{"line":64,"column":20},"end":{"line":64,"column":null}},"18":{"start":{"line":65,"column":4},"end":{"line":65,"column":null}},"19":{"start":{"line":65,"column":17},"end":{"line":65,"column":null}},"20":{"start":{"line":66,"column":4},"end":{"line":66,"column":null}},"21":{"start":{"line":70,"column":21},"end":{"line":70,"column":null}},"22":{"start":{"line":71,"column":4},"end":{"line":71,"column":null}},"23":{"start":{"line":71,"column":49},"end":{"line":71,"column":null}},"24":{"start":{"line":73,"column":20},"end":{"line":73,"column":null}},"25":{"start":{"line":74,"column":19},"end":{"line":74,"column":null}},"26":{"start":{"line":75,"column":4},"end":{"line":75,"column":null}},"27":{"start":{"line":75,"column":16},"end":{"line":75,"column":null}},"28":{"start":{"line":76,"column":4},"end":{"line":76,"column":null}},"29":{"start":{"line":79,"column":23},"end":{"line":79,"column":null}},"30":{"start":{"line":79,"column":47},"end":{"line":79,"column":58}},"31":{"start":{"line":81,"column":32},"end":{"line":81,"column":null}},"32":{"start":{"line":81,"column":58},"end":{"line":81,"column":77}}},"fnMap":{"0":{"name":"touchTask","decl":{"start":{"line":23,"column":9},"end":{"line":23,"column":19}},"loc":{"start":{"line":23,"column":95},"end":{"line":30,"column":null}},"line":23},"1":{"name":"(anonymous_1)","decl":{"start":{"line":32,"column":28},"end":{"line":32,"column":47}},"loc":{"start":{"line":32,"column":61},"end":{"line":82,"column":2}},"line":32},"2":{"name":"(anonymous_2)","decl":{"start":{"line":36,"column":2},"end":{"line":36,"column":20}},"loc":{"start":{"line":36,"column":20},"end":{"line":39,"column":null}},"line":36},"3":{"name":"(anonymous_3)","decl":{"start":{"line":41,"column":2},"end":{"line":41,"column":15}},"loc":{"start":{"line":41,"column":25},"end":{"line":46,"column":null}},"line":41},"4":{"name":"(anonymous_4)","decl":{"start":{"line":48,"column":2},"end":{"line":48,"column":15}},"loc":{"start":{"line":48,"column":29},"end":{"line":61,"column":null}},"line":48},"5":{"name":"(anonymous_5)","decl":{"start":{"line":63,"column":2},"end":{"line":63,"column":15}},"loc":{"start":{"line":63,"column":22},"end":{"line":67,"column":null}},"line":63},"6":{"name":"(anonymous_6)","decl":{"start":{"line":69,"column":2},"end":{"line":69,"column":13}},"loc":{"start":{"line":69,"column":28},"end":{"line":77,"column":null}},"line":69},"7":{"name":"(anonymous_7)","decl":{"start":{"line":79,"column":2},"end":{"line":79,"column":16}},"loc":{"start":{"line":79,"column":23},"end":{"line":79,"column":null}},"line":79},"8":{"name":"(anonymous_8)","decl":{"start":{"line":79,"column":35},"end":{"line":79,"column":41}},"loc":{"start":{"line":79,"column":47},"end":{"line":79,"column":58}},"line":79},"9":{"name":"(anonymous_9)","decl":{"start":{"line":81,"column":2},"end":{"line":81,"column":21}},"loc":{"start":{"line":81,"column":32},"end":{"line":81,"column":null}},"line":81},"10":{"name":"(anonymous_10)","decl":{"start":{"line":81,"column":44},"end":{"line":81,"column":52}},"loc":{"start":{"line":81,"column":58},"end":{"line":81,"column":77}},"line":81}},"branchMap":{"0":{"loc":{"start":{"line":50,"column":4},"end":{"line":50,"column":null}},"type":"if","locations":[{"start":{"line":50,"column":4},"end":{"line":50,"column":null}},{"start":{},"end":{}}],"line":50},"1":{"loc":{"start":{"line":56,"column":15},"end":{"line":56,"column":45}},"type":"binary-expr","locations":[{"start":{"line":56,"column":15},"end":{"line":56,"column":30}},{"start":{"line":56,"column":30},"end":{"line":56,"column":45}}],"line":56},"2":{"loc":{"start":{"line":59,"column":4},"end":{"line":59,"column":null}},"type":"if","locations":[{"start":{"line":59,"column":4},"end":{"line":59,"column":null}},{"start":{},"end":{}}],"line":59},"3":{"loc":{"start":{"line":65,"column":4},"end":{"line":65,"column":null}},"type":"if","locations":[{"start":{"line":65,"column":4},"end":{"line":65,"column":null}},{"start":{},"end":{}}],"line":65},"4":{"loc":{"start":{"line":71,"column":4},"end":{"line":71,"column":null}},"type":"if","locations":[{"start":{"line":71,"column":4},"end":{"line":71,"column":null}},{"start":{},"end":{}}],"line":71},"5":{"loc":{"start":{"line":71,"column":8},"end":{"line":71,"column":49}},"type":"binary-expr","locations":[{"start":{"line":71,"column":8},"end":{"line":71,"column":21}},{"start":{"line":71,"column":21},"end":{"line":71,"column":49}}],"line":71},"6":{"loc":{"start":{"line":75,"column":4},"end":{"line":75,"column":null}},"type":"if","locations":[{"start":{"line":75,"column":4},"end":{"line":75,"column":null}},{"start":{},"end":{}}],"line":75}},"s":{"0":3,"1":3,"2":3,"3":1,"4":1,"5":8,"6":8,"7":8,"8":8,"9":1,"10":1,"11":0,"12":1,"13":1,"14":1,"15":1,"16":1,"17":1,"18":1,"19":1,"20":1,"21":3,"22":3,"23":1,"24":2,"25":2,"26":2,"27":2,"28":2,"29":3,"30":3,"31":1,"32":2},"f":{"0":3,"1":3,"2":1,"3":8,"4":1,"5":1,"6":3,"7":3,"8":3,"9":1,"10":2},"b":{"0":[0,1],"1":[1,0],"2":[1,0],"3":[1,0],"4":[1,2],"5":[3,3],"6":[2,0]},"meta":{"lastBranch":7,"lastFunction":11,"lastStatement":33,"seen":{"f:23:9:23:19":0,"s:24:2:29:Infinity":0,"s:32:13:82:Infinity":1,"f:32:28:32:47":1,"s:32:61:82:2":2,"f:36:2:36:20":2,"s:37:18:37:Infinity":3,"s:38:4:38:Infinity":4,"f:41:2:41:15":3,"s:42:10:42:Infinity":5,"s:43:4:43:Infinity":6,"s:44:4:44:Infinity":7,"s:45:4:45:Infinity":8,"f:48:2:48:15":4,"s:49:21:49:Infinity":9,"b:50:4:50:Infinity:undefined:undefined:undefined:undefined":0,"s:50:4:50:Infinity":10,"s:50:19:50:Infinity":11,"s:52:20:57:Infinity":12,"b:56:15:56:30:56:30:56:45":1,"s:58:19:58:Infinity":13,"b:59:4:59:Infinity:undefined:undefined:undefined:undefined":2,"s:59:4:59:Infinity":14,"s:59:16:59:Infinity":15,"s:60:4:60:Infinity":16,"f:63:2:63:15":5,"s:64:20:64:Infinity":17,"b:65:4:65:Infinity:undefined:undefined:undefined:undefined":3,"s:65:4:65:Infinity":18,"s:65:17:65:Infinity":19,"s:66:4:66:Infinity":20,"f:69:2:69:13":6,"s:70:21:70:Infinity":21,"b:71:4:71:Infinity:undefined:undefined:undefined:undefined":4,"s:71:4:71:Infinity":22,"b:71:8:71:21:71:21:71:49":5,"s:71:49:71:Infinity":23,"s:73:20:73:Infinity":24,"s:74:19:74:Infinity":25,"b:75:4:75:Infinity:undefined:undefined:undefined:undefined":6,"s:75:4:75:Infinity":26,"s:75:16:75:Infinity":27,"s:76:4:76:Infinity":28,"f:79:2:79:16":7,"s:79:23:79:Infinity":29,"f:79:35:79:41":8,"s:79:47:79:58":30,"f:81:2:81:21":9,"s:81:32:81:Infinity":31,"f:81:44:81:52":10,"s:81:58:81:77":32},"fnNames":{}}}
}
